#
# A fatal error has been detected by the Java Runtime Environment:
#
#  Internal Error (safepoint.cpp:919), pid=36549, tid=30487
#  fatal error: Illegal threadstate encountered: 4
#
# JRE version: OpenJDK Runtime Environment Microsoft-25199 (11.0.12+7) (build 11.0.12+7)
# Java VM: OpenJDK 64-Bit Server VM Microsoft-25199 (11.0.12+7, mixed mode, tiered, compressed oops, g1 gc, bsd-amd64)
# No core dump will be written. Core dumps have been disabled. To enable core dumping, try "ulimit -c unlimited" before starting Java again
#
# If you would like to submit a bug report, please visit:
#   https://github.com/microsoft/openjdk/issues
# The crash happened outside the Java Virtual Machine in native code.
# See problematic frame for where to report the bug.
#

---------------  S U M M A R Y ------------

Command Line: --module-path=/Users/graysoncraw/Documents/checkers/mgcheckers/target/classes:/Users/graysoncraw/.m2/repository/org/openjfx/javafx-controls/13/javafx-controls-13-mac.jar:/Users/graysoncraw/.m2/repository/org/openjfx/javafx-graphics/13/javafx-graphics-13-mac.jar:/Users/graysoncraw/.m2/repository/org/openjfx/javafx-base/13/javafx-base-13-mac.jar:/Users/graysoncraw/.m2/repository/org/openjfx/javafx-fxml/13/javafx-fxml-13-mac.jar -Djdk.module.main=com.mgcheckers com.mgcheckers/com.mgcheckers.App

Host: MacBookPro18,3 x86_64 2400 MHz, 8 cores, 16G, Darwin 21.6.0
Time: Wed Dec  7 16:00:03 2022 CST elapsed time: 189.475967 seconds (0d 0h 3m 9s)

---------------  T H R E A D  ---------------

Current thread (0x00007ff55da52000):  JavaThread "InvokeLaterDispatcher" daemon [_thread_in_native, id=30487, stack(0x000000030dd7f000,0x000000030de7f000)]

Stack: [0x000000030dd7f000,0x000000030de7f000],  sp=0x000000030de7d300,  free space=1016k
Native frames: (J=compiled Java code, A=aot compiled Java code, j=interpreted, Vv=VM code, C=native code)
V  [libjvm.dylib+0x7d43cb]  _ZN7VMError14report_and_dieEiPKcS1_P13__va_list_tagP6ThreadPhPvS7_S1_im+0x663
V  [libjvm.dylib+0x7d4abb]  _ZN7VMError14report_and_dieEP6ThreadPvPKciS4_S4_P13__va_list_tag+0x47
V  [libjvm.dylib+0x27b67f]  _Z12report_fatalPKciS0_z+0xb5
V  [libjvm.dylib+0x6a9325]  _ZN20SafepointSynchronize5blockEP10JavaThread+0x1d1
V  [libjvm.dylib+0x78bfe2]  _ZN10JavaThread44check_safepoint_and_suspend_for_native_transEPS_+0xaa
V  [libjvm.dylib+0x3f860c]  jni_DeleteGlobalRef+0x93
C  [libglass.dylib+0x8e55]  -[GlassRunnable dealloc]+0x35
C  [Foundation+0x8188e]  -[_NSThreadPerformInfo dealloc]+0x2a
C  [Foundation+0x4e406]  -[NSObject(NSThreadPerformAdditions) performSelectorOnMainThread:withObject:waitUntilDone:]+0x7c
J 2885  com.sun.glass.ui.mac.MacApplication._submitForLaterInvocation(Ljava/lang/Runnable;)V javafx.graphics (0 bytes) @ 0x00000001243c020c [0x00000001243c0140+0x00000000000000cc]
J 2814 c1 com.sun.glass.ui.mac.MacApplication.submitForLaterInvocation(Ljava/lang/Runnable;)V javafx.graphics (6 bytes) @ 0x000000011d2ab634 [0x000000011d2ab5c0+0x0000000000000074]
j  com.sun.glass.ui.InvokeLaterDispatcher.run()V+82 javafx.graphics
v  ~StubRoutines::call_stub
V  [libjvm.dylib+0x3bccf0]  _ZN9JavaCalls11call_helperEP9JavaValueRK12methodHandleP17JavaCallArgumentsP6Thread+0x21a
V  [libjvm.dylib+0x3bc13a]  _ZN9JavaCalls12call_virtualEP9JavaValueP5KlassP6SymbolS5_P17JavaCallArgumentsP6Thread+0xee
V  [libjvm.dylib+0x3bc1f6]  _ZN9JavaCalls12call_virtualEP9JavaValue6HandleP5KlassP6SymbolS6_P6Thread+0x62
V  [libjvm.dylib+0x442ea1]  _ZL12thread_entryP10JavaThreadP6Thread+0x78
V  [libjvm.dylib+0x78a996]  _ZN10JavaThread17thread_main_innerEv+0x82
V  [libjvm.dylib+0x78a7e0]  _ZN10JavaThread3runEv+0x174
V  [libjvm.dylib+0x7886c0]  _ZN6Thread8call_runEv+0x68
V  [libjvm.dylib+0x635177]  _ZL19thread_native_entryP6Thread+0x139
C  [libsystem_pthread.dylib+0x64e1]  _pthread_start+0x7d
C  [libsystem_pthread.dylib+0x1f6b]  thread_start+0xf

Java frames: (J=compiled Java code, j=interpreted, Vv=VM code)
J 2885  com.sun.glass.ui.mac.MacApplication._submitForLaterInvocation(Ljava/lang/Runnable;)V javafx.graphics (0 bytes) @ 0x00000001243c019c [0x00000001243c0140+0x000000000000005c]
J 2814 c1 com.sun.glass.ui.mac.MacApplication.submitForLaterInvocation(Ljava/lang/Runnable;)V javafx.graphics (6 bytes) @ 0x000000011d2ab634 [0x000000011d2ab5c0+0x0000000000000074]
j  com.sun.glass.ui.InvokeLaterDispatcher.run()V+82 javafx.graphics
v  ~StubRoutines::call_stub

---------------  P R O C E S S  ---------------

Threads class SMR info:
_java_thread_list=0x00007ff52d792080, length=17, elements={
0x00007ff55d80e800, 0x00007ff55e8ee000, 0x00007ff55f01b800, 0x00007ff55f00d800,
0x00007ff55f00e800, 0x00007ff55d871800, 0x00007ff55f00f000, 0x00007ff55f01e800,
0x00007ff55e8f1000, 0x00007ff52d810800, 0x00007ff55da52000, 0x00007ff55f3f7000,
0x00007ff55eb8c000, 0x00007ff55f7ff800, 0x00007ff53d913800, 0x00007ff53d989800,
0x00007ff51f00b000
}

Java Threads: ( => current thread )
  0x00007ff55d80e800 JavaThread "main" [_thread_blocked, id=7171, stack(0x000000030cab6000,0x000000030cbb6000)]
  0x00007ff55e8ee000 JavaThread "Reference Handler" daemon [_thread_blocked, id=16899, stack(0x000000030d1cb000,0x000000030d2cb000)]
  0x00007ff55f01b800 JavaThread "Finalizer" daemon [_thread_blocked, id=15875, stack(0x000000030d2ce000,0x000000030d3ce000)]
  0x00007ff55f00d800 JavaThread "Signal Dispatcher" daemon [_thread_blocked, id=41219, stack(0x000000030d4df000,0x000000030d5df000)]
  0x00007ff55f00e800 JavaThread "Service Thread" daemon [_thread_blocked, id=40451, stack(0x000000030d5e2000,0x000000030d6e2000)]
  0x00007ff55d871800 JavaThread "C2 CompilerThread0" daemon [_thread_blocked, id=23555, stack(0x000000030d6e5000,0x000000030d7e5000)]
  0x00007ff55f00f000 JavaThread "C1 CompilerThread0" daemon [_thread_blocked, id=39939, stack(0x000000030d7e8000,0x000000030d8e8000)]
  0x00007ff55f01e800 JavaThread "Sweeper thread" daemon [_thread_blocked, id=39683, stack(0x000000030d8eb000,0x000000030d9eb000)]
  0x00007ff55e8f1000 JavaThread "Common-Cleaner" daemon [_thread_blocked, id=38915, stack(0x000000030d9ee000,0x000000030daee000)]
  0x00007ff52d810800 JavaThread "QuantumRenderer-0" daemon [_thread_blocked, id=37635, stack(0x000000030dbf4000,0x000000030dcf4000)]
=>0x00007ff55da52000 JavaThread "InvokeLaterDispatcher" daemon [_thread_in_native, id=30487, stack(0x000000030dd7f000,0x000000030de7f000)]
  0x00007ff55f3f7000 JavaThread "JavaFX Application Thread" [_thread_in_native, id=259, stack(0x000000030c233000,0x000000030ca33000)]
  0x00007ff55eb8c000 JavaThread "JavaFX-Launcher" [_thread_blocked, id=70403, stack(0x000000030e00e000,0x000000030e10e000)]
  0x00007ff55f7ff800 JavaThread "Prism Font Disposer" daemon [_thread_blocked, id=59743, stack(0x000000030e620000,0x000000030e720000)]
  0x00007ff53d913800 JavaThread "Cleaner-0" daemon [_thread_blocked, id=172303, stack(0x000000030e7ab000,0x000000030e8ab000)]
  0x00007ff53d989800 JavaThread "mysql-cj-abandoned-connection-cleanup" daemon [_thread_blocked, id=92679, stack(0x000000030ea37000,0x000000030eb37000)]
  0x00007ff51f00b000 JavaThread "PulseTimer-CVDisplayLink thread" daemon [_thread_in_native, id=52331, stack(0x000000030d457000,0x000000030d4d7000)]

Other Threads:
  0x00007ff55d86f000 VMThread "VM Thread" [stack: 0x000000030d0c8000,0x000000030d1c8000] [id=17667]
  0x00007ff55ea06800 WatcherThread [stack: 0x000000030daf1000,0x000000030dbf1000] [id=38215]
  0x00007ff55e80f800 GCTaskThread "GC Thread#0" [stack: 0x000000030cbb9000,0x000000030ccb9000] [id=12803]
  0x00007ff55eb8d800 GCTaskThread "GC Thread#1" [stack: 0x000000030e111000,0x000000030e211000] [id=57363]
  0x00007ff55eb8e000 GCTaskThread "GC Thread#2" [stack: 0x000000030e214000,0x000000030e314000] [id=69383]
  0x00007ff55eb9c800 GCTaskThread "GC Thread#3" [stack: 0x000000030e317000,0x000000030e417000] [id=68867]
  0x00007ff55eb9d800 GCTaskThread "GC Thread#4" [stack: 0x000000030e41a000,0x000000030e51a000] [id=68355]
  0x00007ff55eb94000 GCTaskThread "GC Thread#5" [stack: 0x000000030e51d000,0x000000030e61d000] [id=57603]
  0x00007ff55e845000 ConcurrentGCThread "G1 Main Marker" [stack: 0x000000030ccbc000,0x000000030cdbc000] [id=19203]
  0x00007ff55e845800 ConcurrentGCThread "G1 Conc#0" [stack: 0x000000030cdbf000,0x000000030cebf000] [id=13827]
  0x00007ff528183000 ConcurrentGCThread "G1 Conc#1" [stack: 0x000000030e8ae000,0x000000030e9ae000] [id=89867]
  0x00007ff55e8e6800 ConcurrentGCThread "G1 Refine#0" [stack: 0x000000030cec2000,0x000000030cfc2000] [id=14339]
  0x00007ff55f019800 ConcurrentGCThread "G1 Young RemSet Sampling" [stack: 0x000000030cfc5000,0x000000030d0c5000] [id=18691]

Threads with active compile tasks:

VM state:not at safepoint (normal execution)

VM Mutex/Monitor currently owned by a thread: None

Heap address: 0x0000000700000000, size: 4096 MB, Compressed Oops mode: Zero based, Oop shift amount: 3
Narrow klass base: 0x0000000800000000, Narrow klass shift: 0
Compressed class space size: 1073741824 Address: 0x0000000800000000

Heap:
 garbage-first heap   total 262144K, used 22481K [0x0000000700000000, 0x0000000800000000)
  region size 1024K, 15 young (15360K), 5 survivors (5120K)
 Metaspace       used 31185K, capacity 32041K, committed 32384K, reserved 1077248K
  class space    used 3746K, capacity 4102K, committed 4224K, reserved 1048576K
Heap Regions: E=young(eden), S=young(survivor), O=old, HS=humongous(starts), HC=humongous(continues), CS=collection set, F=free, A=archive, TAMS=top-at-mark-start (previous, next)
|   0|0x0000000700000000, 0x0000000700100000, 0x0000000700100000|100%|HS|  |TAMS 0x0000000700100000, 0x0000000700000000| Complete 
|   1|0x0000000700100000, 0x0000000700200000, 0x0000000700200000|100%|HC|  |TAMS 0x0000000700200000, 0x0000000700100000| Complete 
|   2|0x0000000700200000, 0x0000000700300000, 0x0000000700300000|100%| O|  |TAMS 0x0000000700200000, 0x0000000700200000| Untracked 
|   3|0x0000000700300000, 0x0000000700400000, 0x0000000700400000|100%| O|  |TAMS 0x0000000700300000, 0x0000000700300000| Untracked 
|   4|0x0000000700400000, 0x0000000700500000, 0x0000000700500000|100%| O|  |TAMS 0x0000000700400000, 0x0000000700400000| Untracked 
|   5|0x0000000700500000, 0x0000000700600000, 0x0000000700600000|100%| O|  |TAMS 0x0000000700500000, 0x0000000700500000| Untracked 
|   6|0x0000000700600000, 0x0000000700700000, 0x0000000700700000|100%| O|  |TAMS 0x0000000700600000, 0x0000000700600000| Untracked 
|   7|0x0000000700700000, 0x0000000700800000, 0x0000000700800000|100%| O|  |TAMS 0x0000000700700000, 0x0000000700700000| Untracked 
|   8|0x0000000700800000, 0x00000007008d2800, 0x0000000700900000| 82%| O|  |TAMS 0x0000000700800000, 0x0000000700800000| Untracked 
|   9|0x0000000700900000, 0x0000000700900000, 0x0000000700a00000|  0%| F|  |TAMS 0x0000000700900000, 0x0000000700900000| Untracked 
|  10|0x0000000700a00000, 0x0000000700a00000, 0x0000000700b00000|  0%| F|  |TAMS 0x0000000700a00000, 0x0000000700a00000| Untracked 
|  11|0x0000000700b00000, 0x0000000700b00000, 0x0000000700c00000|  0%| F|  |TAMS 0x0000000700b00000, 0x0000000700b00000| Untracked 
|  12|0x0000000700c00000, 0x0000000700c00000, 0x0000000700d00000|  0%| F|  |TAMS 0x0000000700c00000, 0x0000000700c00000| Untracked 
|  13|0x0000000700d00000, 0x0000000700d00000, 0x0000000700e00000|  0%| F|  |TAMS 0x0000000700d00000, 0x0000000700d00000| Untracked 
|  14|0x0000000700e00000, 0x0000000700e00000, 0x0000000700f00000|  0%| F|  |TAMS 0x0000000700e00000, 0x0000000700e00000| Untracked 
|  15|0x0000000700f00000, 0x0000000700f00000, 0x0000000701000000|  0%| F|  |TAMS 0x0000000700f00000, 0x0000000700f00000| Untracked 
|  16|0x0000000701000000, 0x0000000701000000, 0x0000000701100000|  0%| F|  |TAMS 0x0000000701000000, 0x0000000701000000| Untracked 
|  17|0x0000000701100000, 0x0000000701100000, 0x0000000701200000|  0%| F|  |TAMS 0x0000000701100000, 0x0000000701100000| Untracked 
|  18|0x0000000701200000, 0x0000000701200000, 0x0000000701300000|  0%| F|  |TAMS 0x0000000701200000, 0x0000000701200000| Untracked 
|  19|0x0000000701300000, 0x0000000701300000, 0x0000000701400000|  0%| F|  |TAMS 0x0000000701300000, 0x0000000701300000| Untracked 
|  20|0x0000000701400000, 0x0000000701400000, 0x0000000701500000|  0%| F|  |TAMS 0x0000000701400000, 0x0000000701400000| Untracked 
|  21|0x0000000701500000, 0x0000000701500000, 0x0000000701600000|  0%| F|  |TAMS 0x0000000701500000, 0x0000000701500000| Untracked 
|  22|0x0000000701600000, 0x0000000701600000, 0x0000000701700000|  0%| F|  |TAMS 0x0000000701600000, 0x0000000701600000| Untracked 
|  23|0x0000000701700000, 0x0000000701700000, 0x0000000701800000|  0%| F|  |TAMS 0x0000000701700000, 0x0000000701700000| Untracked 
|  24|0x0000000701800000, 0x0000000701800000, 0x0000000701900000|  0%| F|  |TAMS 0x0000000701800000, 0x0000000701800000| Untracked 
|  25|0x0000000701900000, 0x0000000701900000, 0x0000000701a00000|  0%| F|  |TAMS 0x0000000701900000, 0x0000000701900000| Untracked 
|  26|0x0000000701a00000, 0x0000000701a00000, 0x0000000701b00000|  0%| F|  |TAMS 0x0000000701a00000, 0x0000000701a00000| Untracked 
|  27|0x0000000701b00000, 0x0000000701b00000, 0x0000000701c00000|  0%| F|  |TAMS 0x0000000701b00000, 0x0000000701b00000| Untracked 
|  28|0x0000000701c00000, 0x0000000701c00000, 0x0000000701d00000|  0%| F|  |TAMS 0x0000000701c00000, 0x0000000701c00000| Untracked 
|  29|0x0000000701d00000, 0x0000000701d00000, 0x0000000701e00000|  0%| F|  |TAMS 0x0000000701d00000, 0x0000000701d00000| Untracked 
|  30|0x0000000701e00000, 0x0000000701e00000, 0x0000000701f00000|  0%| F|  |TAMS 0x0000000701e00000, 0x0000000701e00000| Untracked 
|  31|0x0000000701f00000, 0x0000000701f00000, 0x0000000702000000|  0%| F|  |TAMS 0x0000000701f00000, 0x0000000701f00000| Untracked 
|  32|0x0000000702000000, 0x0000000702000000, 0x0000000702100000|  0%| F|  |TAMS 0x0000000702000000, 0x0000000702000000| Untracked 
|  33|0x0000000702100000, 0x0000000702100000, 0x0000000702200000|  0%| F|  |TAMS 0x0000000702100000, 0x0000000702100000| Untracked 
|  34|0x0000000702200000, 0x0000000702200000, 0x0000000702300000|  0%| F|  |TAMS 0x0000000702200000, 0x0000000702200000| Untracked 
|  35|0x0000000702300000, 0x0000000702300000, 0x0000000702400000|  0%| F|  |TAMS 0x0000000702300000, 0x0000000702300000| Untracked 
|  36|0x0000000702400000, 0x0000000702400000, 0x0000000702500000|  0%| F|  |TAMS 0x0000000702400000, 0x0000000702400000| Untracked 
|  37|0x0000000702500000, 0x0000000702500000, 0x0000000702600000|  0%| F|  |TAMS 0x0000000702500000, 0x0000000702500000| Untracked 
|  38|0x0000000702600000, 0x0000000702600000, 0x0000000702700000|  0%| F|  |TAMS 0x0000000702600000, 0x0000000702600000| Untracked 
|  39|0x0000000702700000, 0x0000000702700000, 0x0000000702800000|  0%| F|  |TAMS 0x0000000702700000, 0x0000000702700000| Untracked 
|  40|0x0000000702800000, 0x0000000702800000, 0x0000000702900000|  0%| F|  |TAMS 0x0000000702800000, 0x0000000702800000| Untracked 
|  41|0x0000000702900000, 0x0000000702900000, 0x0000000702a00000|  0%| F|  |TAMS 0x0000000702900000, 0x0000000702900000| Untracked 
|  42|0x0000000702a00000, 0x0000000702a00000, 0x0000000702b00000|  0%| F|  |TAMS 0x0000000702a00000, 0x0000000702a00000| Untracked 
|  43|0x0000000702b00000, 0x0000000702b00000, 0x0000000702c00000|  0%| F|  |TAMS 0x0000000702b00000, 0x0000000702b00000| Untracked 
|  44|0x0000000702c00000, 0x0000000702c00000, 0x0000000702d00000|  0%| F|  |TAMS 0x0000000702c00000, 0x0000000702c00000| Untracked 
|  45|0x0000000702d00000, 0x0000000702d00000, 0x0000000702e00000|  0%| F|  |TAMS 0x0000000702d00000, 0x0000000702d00000| Untracked 
|  46|0x0000000702e00000, 0x0000000702e00000, 0x0000000702f00000|  0%| F|  |TAMS 0x0000000702e00000, 0x0000000702e00000| Untracked 
|  47|0x0000000702f00000, 0x0000000702f00000, 0x0000000703000000|  0%| F|  |TAMS 0x0000000702f00000, 0x0000000702f00000| Untracked 
|  48|0x0000000703000000, 0x0000000703000000, 0x0000000703100000|  0%| F|  |TAMS 0x0000000703000000, 0x0000000703000000| Untracked 
|  49|0x0000000703100000, 0x0000000703100000, 0x0000000703200000|  0%| F|  |TAMS 0x0000000703100000, 0x0000000703100000| Untracked 
|  50|0x0000000703200000, 0x0000000703200000, 0x0000000703300000|  0%| F|  |TAMS 0x0000000703200000, 0x0000000703200000| Untracked 
|  51|0x0000000703300000, 0x0000000703300000, 0x0000000703400000|  0%| F|  |TAMS 0x0000000703300000, 0x0000000703300000| Untracked 
|  52|0x0000000703400000, 0x0000000703400000, 0x0000000703500000|  0%| F|  |TAMS 0x0000000703400000, 0x0000000703400000| Untracked 
|  53|0x0000000703500000, 0x0000000703500000, 0x0000000703600000|  0%| F|  |TAMS 0x0000000703500000, 0x0000000703500000| Untracked 
|  54|0x0000000703600000, 0x0000000703600000, 0x0000000703700000|  0%| F|  |TAMS 0x0000000703600000, 0x0000000703600000| Untracked 
|  55|0x0000000703700000, 0x0000000703700000, 0x0000000703800000|  0%| F|  |TAMS 0x0000000703700000, 0x0000000703700000| Untracked 
|  56|0x0000000703800000, 0x0000000703800000, 0x0000000703900000|  0%| F|  |TAMS 0x0000000703800000, 0x0000000703800000| Untracked 
|  57|0x0000000703900000, 0x0000000703900000, 0x0000000703a00000|  0%| F|  |TAMS 0x0000000703900000, 0x0000000703900000| Untracked 
|  58|0x0000000703a00000, 0x0000000703a00000, 0x0000000703b00000|  0%| F|  |TAMS 0x0000000703a00000, 0x0000000703a00000| Untracked 
|  59|0x0000000703b00000, 0x0000000703b00000, 0x0000000703c00000|  0%| F|  |TAMS 0x0000000703b00000, 0x0000000703b00000| Untracked 
|  60|0x0000000703c00000, 0x0000000703c00000, 0x0000000703d00000|  0%| F|  |TAMS 0x0000000703c00000, 0x0000000703c00000| Untracked 
|  61|0x0000000703d00000, 0x0000000703d00000, 0x0000000703e00000|  0%| F|  |TAMS 0x0000000703d00000, 0x0000000703d00000| Untracked 
|  62|0x0000000703e00000, 0x0000000703e00000, 0x0000000703f00000|  0%| F|  |TAMS 0x0000000703e00000, 0x0000000703e00000| Untracked 
|  63|0x0000000703f00000, 0x0000000703f00000, 0x0000000704000000|  0%| F|  |TAMS 0x0000000703f00000, 0x0000000703f00000| Untracked 
|  64|0x0000000704000000, 0x0000000704000000, 0x0000000704100000|  0%| F|  |TAMS 0x0000000704000000, 0x0000000704000000| Untracked 
|  65|0x0000000704100000, 0x0000000704100000, 0x0000000704200000|  0%| F|  |TAMS 0x0000000704100000, 0x0000000704100000| Untracked 
|  66|0x0000000704200000, 0x0000000704200000, 0x0000000704300000|  0%| F|  |TAMS 0x0000000704200000, 0x0000000704200000| Untracked 
|  67|0x0000000704300000, 0x0000000704300000, 0x0000000704400000|  0%| F|  |TAMS 0x0000000704300000, 0x0000000704300000| Untracked 
|  68|0x0000000704400000, 0x0000000704400000, 0x0000000704500000|  0%| F|  |TAMS 0x0000000704400000, 0x0000000704400000| Untracked 
|  69|0x0000000704500000, 0x0000000704500000, 0x0000000704600000|  0%| F|  |TAMS 0x0000000704500000, 0x0000000704500000| Untracked 
|  70|0x0000000704600000, 0x0000000704600000, 0x0000000704700000|  0%| F|  |TAMS 0x0000000704600000, 0x0000000704600000| Untracked 
|  71|0x0000000704700000, 0x0000000704700000, 0x0000000704800000|  0%| F|  |TAMS 0x0000000704700000, 0x0000000704700000| Untracked 
|  72|0x0000000704800000, 0x0000000704800000, 0x0000000704900000|  0%| F|  |TAMS 0x0000000704800000, 0x0000000704800000| Untracked 
|  73|0x0000000704900000, 0x0000000704900000, 0x0000000704a00000|  0%| F|  |TAMS 0x0000000704900000, 0x0000000704900000| Untracked 
|  74|0x0000000704a00000, 0x0000000704a00000, 0x0000000704b00000|  0%| F|  |TAMS 0x0000000704a00000, 0x0000000704a00000| Untracked 
|  75|0x0000000704b00000, 0x0000000704b00000, 0x0000000704c00000|  0%| F|  |TAMS 0x0000000704b00000, 0x0000000704b00000| Untracked 
|  76|0x0000000704c00000, 0x0000000704c00000, 0x0000000704d00000|  0%| F|  |TAMS 0x0000000704c00000, 0x0000000704c00000| Untracked 
|  77|0x0000000704d00000, 0x0000000704d00000, 0x0000000704e00000|  0%| F|  |TAMS 0x0000000704d00000, 0x0000000704d00000| Untracked 
|  78|0x0000000704e00000, 0x0000000704e00000, 0x0000000704f00000|  0%| F|  |TAMS 0x0000000704e00000, 0x0000000704e00000| Untracked 
|  79|0x0000000704f00000, 0x0000000704f00000, 0x0000000705000000|  0%| F|  |TAMS 0x0000000704f00000, 0x0000000704f00000| Untracked 
|  80|0x0000000705000000, 0x0000000705000000, 0x0000000705100000|  0%| F|  |TAMS 0x0000000705000000, 0x0000000705000000| Untracked 
|  81|0x0000000705100000, 0x0000000705100000, 0x0000000705200000|  0%| F|  |TAMS 0x0000000705100000, 0x0000000705100000| Untracked 
|  82|0x0000000705200000, 0x0000000705200000, 0x0000000705300000|  0%| F|  |TAMS 0x0000000705200000, 0x0000000705200000| Untracked 
|  83|0x0000000705300000, 0x0000000705300000, 0x0000000705400000|  0%| F|  |TAMS 0x0000000705300000, 0x0000000705300000| Untracked 
|  84|0x0000000705400000, 0x0000000705400000, 0x0000000705500000|  0%| F|  |TAMS 0x0000000705400000, 0x0000000705400000| Untracked 
|  85|0x0000000705500000, 0x0000000705500000, 0x0000000705600000|  0%| F|  |TAMS 0x0000000705500000, 0x0000000705500000| Untracked 
|  86|0x0000000705600000, 0x0000000705600000, 0x0000000705700000|  0%| F|  |TAMS 0x0000000705600000, 0x0000000705600000| Untracked 
|  87|0x0000000705700000, 0x0000000705700000, 0x0000000705800000|  0%| F|  |TAMS 0x0000000705700000, 0x0000000705700000| Untracked 
|  88|0x0000000705800000, 0x0000000705800000, 0x0000000705900000|  0%| F|  |TAMS 0x0000000705800000, 0x0000000705800000| Untracked 
|  89|0x0000000705900000, 0x0000000705900000, 0x0000000705a00000|  0%| F|  |TAMS 0x0000000705900000, 0x0000000705900000| Untracked 
|  90|0x0000000705a00000, 0x0000000705a00000, 0x0000000705b00000|  0%| F|  |TAMS 0x0000000705a00000, 0x0000000705a00000| Untracked 
|  91|0x0000000705b00000, 0x0000000705b00000, 0x0000000705c00000|  0%| F|  |TAMS 0x0000000705b00000, 0x0000000705b00000| Untracked 
|  92|0x0000000705c00000, 0x0000000705c00000, 0x0000000705d00000|  0%| F|  |TAMS 0x0000000705c00000, 0x0000000705c00000| Untracked 
|  93|0x0000000705d00000, 0x0000000705d00000, 0x0000000705e00000|  0%| F|  |TAMS 0x0000000705d00000, 0x0000000705d00000| Untracked 
|  94|0x0000000705e00000, 0x0000000705e00000, 0x0000000705f00000|  0%| F|  |TAMS 0x0000000705e00000, 0x0000000705e00000| Untracked 
|  95|0x0000000705f00000, 0x0000000705f00000, 0x0000000706000000|  0%| F|  |TAMS 0x0000000705f00000, 0x0000000705f00000| Untracked 
|  96|0x0000000706000000, 0x0000000706000000, 0x0000000706100000|  0%| F|  |TAMS 0x0000000706000000, 0x0000000706000000| Untracked 
|  97|0x0000000706100000, 0x0000000706100000, 0x0000000706200000|  0%| F|  |TAMS 0x0000000706100000, 0x0000000706100000| Untracked 
|  98|0x0000000706200000, 0x0000000706200000, 0x0000000706300000|  0%| F|  |TAMS 0x0000000706200000, 0x0000000706200000| Untracked 
|  99|0x0000000706300000, 0x0000000706300000, 0x0000000706400000|  0%| F|  |TAMS 0x0000000706300000, 0x0000000706300000| Untracked 
| 100|0x0000000706400000, 0x0000000706400000, 0x0000000706500000|  0%| F|  |TAMS 0x0000000706400000, 0x0000000706400000| Untracked 
| 101|0x0000000706500000, 0x0000000706500000, 0x0000000706600000|  0%| F|  |TAMS 0x0000000706500000, 0x0000000706500000| Untracked 
| 102|0x0000000706600000, 0x0000000706600000, 0x0000000706700000|  0%| F|  |TAMS 0x0000000706600000, 0x0000000706600000| Untracked 
| 103|0x0000000706700000, 0x0000000706700000, 0x0000000706800000|  0%| F|  |TAMS 0x0000000706700000, 0x0000000706700000| Untracked 
| 104|0x0000000706800000, 0x0000000706800000, 0x0000000706900000|  0%| F|  |TAMS 0x0000000706800000, 0x0000000706800000| Untracked 
| 105|0x0000000706900000, 0x0000000706900000, 0x0000000706a00000|  0%| F|  |TAMS 0x0000000706900000, 0x0000000706900000| Untracked 
| 106|0x0000000706a00000, 0x0000000706a00000, 0x0000000706b00000|  0%| F|  |TAMS 0x0000000706a00000, 0x0000000706a00000| Untracked 
| 107|0x0000000706b00000, 0x0000000706b00000, 0x0000000706c00000|  0%| F|  |TAMS 0x0000000706b00000, 0x0000000706b00000| Untracked 
| 108|0x0000000706c00000, 0x0000000706c00000, 0x0000000706d00000|  0%| F|  |TAMS 0x0000000706c00000, 0x0000000706c00000| Untracked 
| 109|0x0000000706d00000, 0x0000000706d00000, 0x0000000706e00000|  0%| F|  |TAMS 0x0000000706d00000, 0x0000000706d00000| Untracked 
| 110|0x0000000706e00000, 0x0000000706e00000, 0x0000000706f00000|  0%| F|  |TAMS 0x0000000706e00000, 0x0000000706e00000| Untracked 
| 111|0x0000000706f00000, 0x0000000706f00000, 0x0000000707000000|  0%| F|  |TAMS 0x0000000706f00000, 0x0000000706f00000| Untracked 
| 112|0x0000000707000000, 0x0000000707000000, 0x0000000707100000|  0%| F|  |TAMS 0x0000000707000000, 0x0000000707000000| Untracked 
| 113|0x0000000707100000, 0x0000000707100000, 0x0000000707200000|  0%| F|  |TAMS 0x0000000707100000, 0x0000000707100000| Untracked 
| 114|0x0000000707200000, 0x0000000707200000, 0x0000000707300000|  0%| F|  |TAMS 0x0000000707200000, 0x0000000707200000| Untracked 
| 115|0x0000000707300000, 0x0000000707300000, 0x0000000707400000|  0%| F|  |TAMS 0x0000000707300000, 0x0000000707300000| Untracked 
| 116|0x0000000707400000, 0x0000000707400000, 0x0000000707500000|  0%| F|  |TAMS 0x0000000707400000, 0x0000000707400000| Untracked 
| 117|0x0000000707500000, 0x0000000707500000, 0x0000000707600000|  0%| F|  |TAMS 0x0000000707500000, 0x0000000707500000| Untracked 
| 118|0x0000000707600000, 0x0000000707600000, 0x0000000707700000|  0%| F|  |TAMS 0x0000000707600000, 0x0000000707600000| Untracked 
| 119|0x0000000707700000, 0x0000000707700000, 0x0000000707800000|  0%| F|  |TAMS 0x0000000707700000, 0x0000000707700000| Untracked 
| 120|0x0000000707800000, 0x0000000707800000, 0x0000000707900000|  0%| F|  |TAMS 0x0000000707800000, 0x0000000707800000| Untracked 
| 121|0x0000000707900000, 0x0000000707900000, 0x0000000707a00000|  0%| F|  |TAMS 0x0000000707900000, 0x0000000707900000| Untracked 
| 122|0x0000000707a00000, 0x0000000707a00000, 0x0000000707b00000|  0%| F|  |TAMS 0x0000000707a00000, 0x0000000707a00000| Untracked 
| 123|0x0000000707b00000, 0x0000000707b00000, 0x0000000707c00000|  0%| F|  |TAMS 0x0000000707b00000, 0x0000000707b00000| Untracked 
| 124|0x0000000707c00000, 0x0000000707c00000, 0x0000000707d00000|  0%| F|  |TAMS 0x0000000707c00000, 0x0000000707c00000| Untracked 
| 125|0x0000000707d00000, 0x0000000707d00000, 0x0000000707e00000|  0%| F|  |TAMS 0x0000000707d00000, 0x0000000707d00000| Untracked 
| 126|0x0000000707e00000, 0x0000000707e00000, 0x0000000707f00000|  0%| F|  |TAMS 0x0000000707e00000, 0x0000000707e00000| Untracked 
| 127|0x0000000707f00000, 0x0000000707f00000, 0x0000000708000000|  0%| F|  |TAMS 0x0000000707f00000, 0x0000000707f00000| Untracked 
| 128|0x0000000708000000, 0x0000000708000000, 0x0000000708100000|  0%| F|  |TAMS 0x0000000708000000, 0x0000000708000000| Untracked 
| 129|0x0000000708100000, 0x0000000708100000, 0x0000000708200000|  0%| F|  |TAMS 0x0000000708100000, 0x0000000708100000| Untracked 
| 130|0x0000000708200000, 0x0000000708200000, 0x0000000708300000|  0%| F|  |TAMS 0x0000000708200000, 0x0000000708200000| Untracked 
| 131|0x0000000708300000, 0x0000000708300000, 0x0000000708400000|  0%| F|  |TAMS 0x0000000708300000, 0x0000000708300000| Untracked 
| 132|0x0000000708400000, 0x0000000708400000, 0x0000000708500000|  0%| F|  |TAMS 0x0000000708400000, 0x0000000708400000| Untracked 
| 133|0x0000000708500000, 0x0000000708500000, 0x0000000708600000|  0%| F|  |TAMS 0x0000000708500000, 0x0000000708500000| Untracked 
| 134|0x0000000708600000, 0x0000000708600000, 0x0000000708700000|  0%| F|  |TAMS 0x0000000708600000, 0x0000000708600000| Untracked 
| 135|0x0000000708700000, 0x0000000708700000, 0x0000000708800000|  0%| F|  |TAMS 0x0000000708700000, 0x0000000708700000| Untracked 
| 136|0x0000000708800000, 0x0000000708800000, 0x0000000708900000|  0%| F|  |TAMS 0x0000000708800000, 0x0000000708800000| Untracked 
| 137|0x0000000708900000, 0x0000000708900000, 0x0000000708a00000|  0%| F|  |TAMS 0x0000000708900000, 0x0000000708900000| Untracked 
| 138|0x0000000708a00000, 0x0000000708a00000, 0x0000000708b00000|  0%| F|  |TAMS 0x0000000708a00000, 0x0000000708a00000| Untracked 
| 139|0x0000000708b00000, 0x0000000708b00000, 0x0000000708c00000|  0%| F|  |TAMS 0x0000000708b00000, 0x0000000708b00000| Untracked 
| 140|0x0000000708c00000, 0x0000000708c00000, 0x0000000708d00000|  0%| F|  |TAMS 0x0000000708c00000, 0x0000000708c00000| Untracked 
| 141|0x0000000708d00000, 0x0000000708d00000, 0x0000000708e00000|  0%| F|  |TAMS 0x0000000708d00000, 0x0000000708d00000| Untracked 
| 142|0x0000000708e00000, 0x0000000708e00000, 0x0000000708f00000|  0%| F|  |TAMS 0x0000000708e00000, 0x0000000708e00000| Untracked 
| 143|0x0000000708f00000, 0x0000000708f00000, 0x0000000709000000|  0%| F|  |TAMS 0x0000000708f00000, 0x0000000708f00000| Untracked 
| 144|0x0000000709000000, 0x0000000709000000, 0x0000000709100000|  0%| F|  |TAMS 0x0000000709000000, 0x0000000709000000| Untracked 
| 145|0x0000000709100000, 0x0000000709100000, 0x0000000709200000|  0%| F|  |TAMS 0x0000000709100000, 0x0000000709100000| Untracked 
| 146|0x0000000709200000, 0x0000000709200000, 0x0000000709300000|  0%| F|  |TAMS 0x0000000709200000, 0x0000000709200000| Untracked 
| 147|0x0000000709300000, 0x0000000709300000, 0x0000000709400000|  0%| F|  |TAMS 0x0000000709300000, 0x0000000709300000| Untracked 
| 148|0x0000000709400000, 0x0000000709400000, 0x0000000709500000|  0%| F|  |TAMS 0x0000000709400000, 0x0000000709400000| Untracked 
| 149|0x0000000709500000, 0x0000000709500000, 0x0000000709600000|  0%| F|  |TAMS 0x0000000709500000, 0x0000000709500000| Untracked 
| 150|0x0000000709600000, 0x0000000709600000, 0x0000000709700000|  0%| F|  |TAMS 0x0000000709600000, 0x0000000709600000| Untracked 
| 151|0x0000000709700000, 0x0000000709700000, 0x0000000709800000|  0%| F|  |TAMS 0x0000000709700000, 0x0000000709700000| Untracked 
| 152|0x0000000709800000, 0x0000000709800000, 0x0000000709900000|  0%| F|  |TAMS 0x0000000709800000, 0x0000000709800000| Untracked 
| 153|0x0000000709900000, 0x0000000709900000, 0x0000000709a00000|  0%| F|  |TAMS 0x0000000709900000, 0x0000000709900000| Untracked 
| 154|0x0000000709a00000, 0x0000000709a00000, 0x0000000709b00000|  0%| F|  |TAMS 0x0000000709a00000, 0x0000000709a00000| Untracked 
| 155|0x0000000709b00000, 0x0000000709b00000, 0x0000000709c00000|  0%| F|  |TAMS 0x0000000709b00000, 0x0000000709b00000| Untracked 
| 156|0x0000000709c00000, 0x0000000709c00000, 0x0000000709d00000|  0%| F|  |TAMS 0x0000000709c00000, 0x0000000709c00000| Untracked 
| 157|0x0000000709d00000, 0x0000000709d00000, 0x0000000709e00000|  0%| F|  |TAMS 0x0000000709d00000, 0x0000000709d00000| Untracked 
| 158|0x0000000709e00000, 0x0000000709e00000, 0x0000000709f00000|  0%| F|  |TAMS 0x0000000709e00000, 0x0000000709e00000| Untracked 
| 159|0x0000000709f00000, 0x0000000709f00000, 0x000000070a000000|  0%| F|  |TAMS 0x0000000709f00000, 0x0000000709f00000| Untracked 
| 160|0x000000070a000000, 0x000000070a000000, 0x000000070a100000|  0%| F|  |TAMS 0x000000070a000000, 0x000000070a000000| Untracked 
| 161|0x000000070a100000, 0x000000070a100000, 0x000000070a200000|  0%| F|  |TAMS 0x000000070a100000, 0x000000070a100000| Untracked 
| 162|0x000000070a200000, 0x000000070a200000, 0x000000070a300000|  0%| F|  |TAMS 0x000000070a200000, 0x000000070a200000| Untracked 
| 163|0x000000070a300000, 0x000000070a300000, 0x000000070a400000|  0%| F|  |TAMS 0x000000070a300000, 0x000000070a300000| Untracked 
| 164|0x000000070a400000, 0x000000070a400000, 0x000000070a500000|  0%| F|  |TAMS 0x000000070a400000, 0x000000070a400000| Untracked 
| 165|0x000000070a500000, 0x000000070a500000, 0x000000070a600000|  0%| F|  |TAMS 0x000000070a500000, 0x000000070a500000| Untracked 
| 166|0x000000070a600000, 0x000000070a600000, 0x000000070a700000|  0%| F|  |TAMS 0x000000070a600000, 0x000000070a600000| Untracked 
| 167|0x000000070a700000, 0x000000070a700000, 0x000000070a800000|  0%| F|  |TAMS 0x000000070a700000, 0x000000070a700000| Untracked 
| 168|0x000000070a800000, 0x000000070a800000, 0x000000070a900000|  0%| F|  |TAMS 0x000000070a800000, 0x000000070a800000| Untracked 
| 169|0x000000070a900000, 0x000000070a900000, 0x000000070aa00000|  0%| F|  |TAMS 0x000000070a900000, 0x000000070a900000| Untracked 
| 170|0x000000070aa00000, 0x000000070aa00000, 0x000000070ab00000|  0%| F|  |TAMS 0x000000070aa00000, 0x000000070aa00000| Untracked 
| 171|0x000000070ab00000, 0x000000070ab00000, 0x000000070ac00000|  0%| F|  |TAMS 0x000000070ab00000, 0x000000070ab00000| Untracked 
| 172|0x000000070ac00000, 0x000000070ac00000, 0x000000070ad00000|  0%| F|  |TAMS 0x000000070ac00000, 0x000000070ac00000| Untracked 
| 173|0x000000070ad00000, 0x000000070ad00000, 0x000000070ae00000|  0%| F|  |TAMS 0x000000070ad00000, 0x000000070ad00000| Untracked 
| 174|0x000000070ae00000, 0x000000070ae00000, 0x000000070af00000|  0%| F|  |TAMS 0x000000070ae00000, 0x000000070ae00000| Untracked 
| 175|0x000000070af00000, 0x000000070af00000, 0x000000070b000000|  0%| F|  |TAMS 0x000000070af00000, 0x000000070af00000| Untracked 
| 176|0x000000070b000000, 0x000000070b000000, 0x000000070b100000|  0%| F|  |TAMS 0x000000070b000000, 0x000000070b000000| Untracked 
| 177|0x000000070b100000, 0x000000070b100000, 0x000000070b200000|  0%| F|  |TAMS 0x000000070b100000, 0x000000070b100000| Untracked 
| 178|0x000000070b200000, 0x000000070b200000, 0x000000070b300000|  0%| F|  |TAMS 0x000000070b200000, 0x000000070b200000| Untracked 
| 179|0x000000070b300000, 0x000000070b300000, 0x000000070b400000|  0%| F|  |TAMS 0x000000070b300000, 0x000000070b300000| Untracked 
| 180|0x000000070b400000, 0x000000070b400000, 0x000000070b500000|  0%| F|  |TAMS 0x000000070b400000, 0x000000070b400000| Untracked 
| 181|0x000000070b500000, 0x000000070b500000, 0x000000070b600000|  0%| F|  |TAMS 0x000000070b500000, 0x000000070b500000| Untracked 
| 182|0x000000070b600000, 0x000000070b600000, 0x000000070b700000|  0%| F|  |TAMS 0x000000070b600000, 0x000000070b600000| Untracked 
| 183|0x000000070b700000, 0x000000070b700000, 0x000000070b800000|  0%| F|  |TAMS 0x000000070b700000, 0x000000070b700000| Untracked 
| 184|0x000000070b800000, 0x000000070b800000, 0x000000070b900000|  0%| F|  |TAMS 0x000000070b800000, 0x000000070b800000| Untracked 
| 185|0x000000070b900000, 0x000000070b900000, 0x000000070ba00000|  0%| F|  |TAMS 0x000000070b900000, 0x000000070b900000| Untracked 
| 186|0x000000070ba00000, 0x000000070ba00000, 0x000000070bb00000|  0%| F|  |TAMS 0x000000070ba00000, 0x000000070ba00000| Untracked 
| 187|0x000000070bb00000, 0x000000070bb00000, 0x000000070bc00000|  0%| F|  |TAMS 0x000000070bb00000, 0x000000070bb00000| Untracked 
| 188|0x000000070bc00000, 0x000000070bc00000, 0x000000070bd00000|  0%| F|  |TAMS 0x000000070bc00000, 0x000000070bc00000| Untracked 
| 189|0x000000070bd00000, 0x000000070bd00000, 0x000000070be00000|  0%| F|  |TAMS 0x000000070bd00000, 0x000000070bd00000| Untracked 
| 190|0x000000070be00000, 0x000000070be00000, 0x000000070bf00000|  0%| F|  |TAMS 0x000000070be00000, 0x000000070be00000| Untracked 
| 191|0x000000070bf00000, 0x000000070bf00000, 0x000000070c000000|  0%| F|  |TAMS 0x000000070bf00000, 0x000000070bf00000| Untracked 
| 192|0x000000070c000000, 0x000000070c000000, 0x000000070c100000|  0%| F|  |TAMS 0x000000070c000000, 0x000000070c000000| Untracked 
| 193|0x000000070c100000, 0x000000070c100000, 0x000000070c200000|  0%| F|  |TAMS 0x000000070c100000, 0x000000070c100000| Untracked 
| 194|0x000000070c200000, 0x000000070c200000, 0x000000070c300000|  0%| F|  |TAMS 0x000000070c200000, 0x000000070c200000| Untracked 
| 195|0x000000070c300000, 0x000000070c300000, 0x000000070c400000|  0%| F|  |TAMS 0x000000070c300000, 0x000000070c300000| Untracked 
| 196|0x000000070c400000, 0x000000070c400000, 0x000000070c500000|  0%| F|  |TAMS 0x000000070c400000, 0x000000070c400000| Untracked 
| 197|0x000000070c500000, 0x000000070c500000, 0x000000070c600000|  0%| F|  |TAMS 0x000000070c500000, 0x000000070c500000| Untracked 
| 198|0x000000070c600000, 0x000000070c600000, 0x000000070c700000|  0%| F|  |TAMS 0x000000070c600000, 0x000000070c600000| Untracked 
| 199|0x000000070c700000, 0x000000070c700000, 0x000000070c800000|  0%| F|  |TAMS 0x000000070c700000, 0x000000070c700000| Untracked 
| 200|0x000000070c800000, 0x000000070c821de0, 0x000000070c900000| 13%| S|CS|TAMS 0x000000070c800000, 0x000000070c800000| Complete 
| 201|0x000000070c900000, 0x000000070ca00000, 0x000000070ca00000|100%| S|CS|TAMS 0x000000070c900000, 0x000000070c900000| Complete 
| 202|0x000000070ca00000, 0x000000070cb00000, 0x000000070cb00000|100%| S|CS|TAMS 0x000000070ca00000, 0x000000070ca00000| Complete 
| 203|0x000000070cb00000, 0x000000070cc00000, 0x000000070cc00000|100%| S|CS|TAMS 0x000000070cb00000, 0x000000070cb00000| Complete 
| 204|0x000000070cc00000, 0x000000070cd00000, 0x000000070cd00000|100%| S|CS|TAMS 0x000000070cc00000, 0x000000070cc00000| Complete 
| 205|0x000000070cd00000, 0x000000070cd00000, 0x000000070ce00000|  0%| F|  |TAMS 0x000000070cd00000, 0x000000070cd00000| Untracked 
| 206|0x000000070ce00000, 0x000000070ce00000, 0x000000070cf00000|  0%| F|  |TAMS 0x000000070ce00000, 0x000000070ce00000| Untracked 
| 207|0x000000070cf00000, 0x000000070cf00000, 0x000000070d000000|  0%| F|  |TAMS 0x000000070cf00000, 0x000000070cf00000| Untracked 
| 208|0x000000070d000000, 0x000000070d000000, 0x000000070d100000|  0%| F|  |TAMS 0x000000070d000000, 0x000000070d000000| Untracked 
| 209|0x000000070d100000, 0x000000070d100000, 0x000000070d200000|  0%| F|  |TAMS 0x000000070d100000, 0x000000070d100000| Untracked 
| 210|0x000000070d200000, 0x000000070d200000, 0x000000070d300000|  0%| F|  |TAMS 0x000000070d200000, 0x000000070d200000| Untracked 
| 211|0x000000070d300000, 0x000000070d300000, 0x000000070d400000|  0%| F|  |TAMS 0x000000070d300000, 0x000000070d300000| Untracked 
| 212|0x000000070d400000, 0x000000070d400000, 0x000000070d500000|  0%| F|  |TAMS 0x000000070d400000, 0x000000070d400000| Untracked 
| 213|0x000000070d500000, 0x000000070d500000, 0x000000070d600000|  0%| F|  |TAMS 0x000000070d500000, 0x000000070d500000| Untracked 
| 214|0x000000070d600000, 0x000000070d600000, 0x000000070d700000|  0%| F|  |TAMS 0x000000070d600000, 0x000000070d600000| Untracked 
| 215|0x000000070d700000, 0x000000070d700000, 0x000000070d800000|  0%| F|  |TAMS 0x000000070d700000, 0x000000070d700000| Untracked 
| 216|0x000000070d800000, 0x000000070d800000, 0x000000070d900000|  0%| F|  |TAMS 0x000000070d800000, 0x000000070d800000| Untracked 
| 217|0x000000070d900000, 0x000000070d900000, 0x000000070da00000|  0%| F|  |TAMS 0x000000070d900000, 0x000000070d900000| Untracked 
| 218|0x000000070da00000, 0x000000070da00000, 0x000000070db00000|  0%| F|  |TAMS 0x000000070da00000, 0x000000070da00000| Untracked 
| 219|0x000000070db00000, 0x000000070db00000, 0x000000070dc00000|  0%| F|  |TAMS 0x000000070db00000, 0x000000070db00000| Untracked 
| 220|0x000000070dc00000, 0x000000070dc00000, 0x000000070dd00000|  0%| F|  |TAMS 0x000000070dc00000, 0x000000070dc00000| Untracked 
| 221|0x000000070dd00000, 0x000000070dd00000, 0x000000070de00000|  0%| F|  |TAMS 0x000000070dd00000, 0x000000070dd00000| Untracked 
| 222|0x000000070de00000, 0x000000070de00000, 0x000000070df00000|  0%| F|  |TAMS 0x000000070de00000, 0x000000070de00000| Untracked 
| 223|0x000000070df00000, 0x000000070df00000, 0x000000070e000000|  0%| F|  |TAMS 0x000000070df00000, 0x000000070df00000| Untracked 
| 224|0x000000070e000000, 0x000000070e000000, 0x000000070e100000|  0%| F|  |TAMS 0x000000070e000000, 0x000000070e000000| Untracked 
| 225|0x000000070e100000, 0x000000070e100000, 0x000000070e200000|  0%| F|  |TAMS 0x000000070e100000, 0x000000070e100000| Untracked 
| 226|0x000000070e200000, 0x000000070e200000, 0x000000070e300000|  0%| F|  |TAMS 0x000000070e200000, 0x000000070e200000| Untracked 
| 227|0x000000070e300000, 0x000000070e300000, 0x000000070e400000|  0%| F|  |TAMS 0x000000070e300000, 0x000000070e300000| Untracked 
| 228|0x000000070e400000, 0x000000070e400000, 0x000000070e500000|  0%| F|  |TAMS 0x000000070e400000, 0x000000070e400000| Untracked 
| 229|0x000000070e500000, 0x000000070e500000, 0x000000070e600000|  0%| F|  |TAMS 0x000000070e500000, 0x000000070e500000| Untracked 
| 230|0x000000070e600000, 0x000000070e600000, 0x000000070e700000|  0%| F|  |TAMS 0x000000070e600000, 0x000000070e600000| Untracked 
| 231|0x000000070e700000, 0x000000070e700000, 0x000000070e800000|  0%| F|  |TAMS 0x000000070e700000, 0x000000070e700000| Untracked 
| 232|0x000000070e800000, 0x000000070e800000, 0x000000070e900000|  0%| F|  |TAMS 0x000000070e800000, 0x000000070e800000| Untracked 
| 233|0x000000070e900000, 0x000000070e900000, 0x000000070ea00000|  0%| F|  |TAMS 0x000000070e900000, 0x000000070e900000| Untracked 
| 234|0x000000070ea00000, 0x000000070ea00000, 0x000000070eb00000|  0%| F|  |TAMS 0x000000070ea00000, 0x000000070ea00000| Untracked 
| 235|0x000000070eb00000, 0x000000070eb00000, 0x000000070ec00000|  0%| F|  |TAMS 0x000000070eb00000, 0x000000070eb00000| Untracked 
| 236|0x000000070ec00000, 0x000000070ec00000, 0x000000070ed00000|  0%| F|  |TAMS 0x000000070ec00000, 0x000000070ec00000| Untracked 
| 237|0x000000070ed00000, 0x000000070ed00000, 0x000000070ee00000|  0%| F|  |TAMS 0x000000070ed00000, 0x000000070ed00000| Untracked 
| 238|0x000000070ee00000, 0x000000070ee00000, 0x000000070ef00000|  0%| F|  |TAMS 0x000000070ee00000, 0x000000070ee00000| Untracked 
| 239|0x000000070ef00000, 0x000000070ef00000, 0x000000070f000000|  0%| F|  |TAMS 0x000000070ef00000, 0x000000070ef00000| Untracked 
| 240|0x000000070f000000, 0x000000070f000000, 0x000000070f100000|  0%| F|  |TAMS 0x000000070f000000, 0x000000070f000000| Untracked 
| 241|0x000000070f100000, 0x000000070f100000, 0x000000070f200000|  0%| F|  |TAMS 0x000000070f100000, 0x000000070f100000| Untracked 
| 242|0x000000070f200000, 0x000000070f200000, 0x000000070f300000|  0%| F|  |TAMS 0x000000070f200000, 0x000000070f200000| Untracked 
| 243|0x000000070f300000, 0x000000070f300000, 0x000000070f400000|  0%| F|  |TAMS 0x000000070f300000, 0x000000070f300000| Untracked 
| 244|0x000000070f400000, 0x000000070f400000, 0x000000070f500000|  0%| F|  |TAMS 0x000000070f400000, 0x000000070f400000| Untracked 
| 245|0x000000070f500000, 0x000000070f500000, 0x000000070f600000|  0%| F|  |TAMS 0x000000070f500000, 0x000000070f500000| Untracked 
| 246|0x000000070f600000, 0x000000070f6c42c8, 0x000000070f700000| 76%| E|  |TAMS 0x000000070f600000, 0x000000070f600000| Complete 
| 247|0x000000070f700000, 0x000000070f800000, 0x000000070f800000|100%| E|CS|TAMS 0x000000070f700000, 0x000000070f700000| Complete 
| 248|0x000000070f800000, 0x000000070f900000, 0x000000070f900000|100%| E|CS|TAMS 0x000000070f800000, 0x000000070f800000| Complete 
| 249|0x000000070f900000, 0x000000070fa00000, 0x000000070fa00000|100%| E|CS|TAMS 0x000000070f900000, 0x000000070f900000| Complete 
| 250|0x000000070fa00000, 0x000000070fb00000, 0x000000070fb00000|100%| E|CS|TAMS 0x000000070fa00000, 0x000000070fa00000| Complete 
| 251|0x000000070fb00000, 0x000000070fc00000, 0x000000070fc00000|100%| E|CS|TAMS 0x000000070fb00000, 0x000000070fb00000| Complete 
| 252|0x000000070fc00000, 0x000000070fd00000, 0x000000070fd00000|100%| E|CS|TAMS 0x000000070fc00000, 0x000000070fc00000| Complete 
| 253|0x000000070fd00000, 0x000000070fe00000, 0x000000070fe00000|100%| E|CS|TAMS 0x000000070fd00000, 0x000000070fd00000| Complete 
| 254|0x000000070fe00000, 0x000000070ff00000, 0x000000070ff00000|100%| E|CS|TAMS 0x000000070fe00000, 0x000000070fe00000| Complete 
| 255|0x000000070ff00000, 0x0000000710000000, 0x0000000710000000|100%| E|CS|TAMS 0x000000070ff00000, 0x000000070ff00000| Complete 

Card table byte_map: [0x000000012b7c8000,0x000000012bfc8000] _byte_map_base: 0x0000000127fc8000

Marking Bits (Prev, Next): (CMBitMap*) 0x00007ff55e834450, (CMBitMap*) 0x00007ff55e834418
 Prev Bits: [0x00000001307c8000, 0x00000001347c8000)
 Next Bits: [0x000000012c7c8000, 0x00000001307c8000)

Polling page: 0x0000000104342000

Metaspace:

Usage:
  Non-class:     27.28 MB capacity,    26.80 MB ( 98%) used,   399.52 KB (  1%) free+waste,   101.06 KB ( <1%) overhead. 
      Class:      4.01 MB capacity,     3.66 MB ( 91%) used,   305.75 KB (  7%) free+waste,    49.56 KB (  1%) overhead. 
       Both:     31.29 MB capacity,    30.45 MB ( 97%) used,   705.27 KB (  2%) free+waste,   150.62 KB ( <1%) overhead. 

Virtual space:
  Non-class space:       28.00 MB reserved,      27.50 MB ( 98%) committed 
      Class space:        1.00 GB reserved,       4.12 MB ( <1%) committed 
             Both:        1.03 GB reserved,      31.62 MB (  3%) committed 

Chunk freelists:
   Non-Class:  121.00 KB
       Class:  26.00 KB
        Both:  147.00 KB

MaxMetaspaceSize: unlimited
CompressedClassSpaceSize: 1.00 GB
Initial GC threshold: 20.80 MB
Current GC threshold: 35.00 MB
CDS: off

CodeHeap 'non-profiled nmethods': size=120032Kb used=2323Kb max_used=2323Kb free=117708Kb
 bounds [0x0000000124290000, 0x0000000124500000, 0x000000012b7c8000]
CodeHeap 'profiled nmethods': size=120028Kb used=9269Kb max_used=9269Kb free=110758Kb
 bounds [0x000000011cd59000, 0x000000011d669000, 0x0000000124290000]
CodeHeap 'non-nmethods': size=5700Kb used=1474Kb max_used=1495Kb free=4225Kb
 bounds [0x000000011c7c8000, 0x000000011ca38000, 0x000000011cd59000]
 total_blobs=5258 nmethods=4432 adapters=740
 compilation: enabled
              stopped_count=0, restarted_count=0
 full_count=0

Compilation events (20 events):
Event: 183.585 Thread 0x00007ff55d871800 4428       4       javafx.scene.layout.VBox::getContentBias (84 bytes)
Event: 183.598 Thread 0x00007ff55d871800 nmethod 4428 0x00000001244d1b10 code [0x00000001244d1cc0, 0x00000001244d1fe8]
Event: 183.718 Thread 0x00007ff55d871800 4429       4       com.sun.prism.impl.ps.BaseShaderGraphics::renderGeneralRoundedRect (388 bytes)
Event: 183.726 Thread 0x00007ff55d871800 nmethod 4429 0x00000001244d2390 code [0x00000001244d2580, 0x00000001244d2b88]
Event: 184.693 Thread 0x00007ff55d871800 4430       4       com.sun.glass.ui.mac.MacView::_getNativeView (2 bytes)
Event: 184.696 Thread 0x00007ff55d871800 nmethod 4430 0x00000001244d2f90 code [0x00000001244d3120, 0x00000001244d3178]
Event: 184.729 Thread 0x00007ff55d871800 4431       4       java.util.concurrent.ThreadPoolExecutor::beforeExecute (1 bytes)
Event: 184.731 Thread 0x00007ff55d871800 nmethod 4431 0x00000001244d3290 code [0x00000001244d3420, 0x00000001244d3478]
Event: 184.859 Thread 0x00007ff55d871800 4432       4       com.sun.javafx.tk.quantum.GlassViewEventHandler::mouseEventType (102 bytes)
Event: 184.863 Thread 0x00007ff55d871800 nmethod 4432 0x00000001244d3590 code [0x00000001244d3720, 0x00000001244d37f8]
Event: 184.863 Thread 0x00007ff55d871800 4433       4       javafx.scene.Scene$ScenePeerListener::mouseEvent (54 bytes)
Event: 184.867 Thread 0x00007ff55d871800 nmethod 4433 0x00000001244d3890 code [0x00000001244d3a40, 0x00000001244d3d18]
Event: 185.060 Thread 0x00007ff55d871800 4434       4       com.sun.prism.impl.VertexBuffer::addMappedPgram (527 bytes)
Event: 185.070 Thread 0x00007ff55d871800 nmethod 4434 0x00000001244d3f90 code [0x00000001244d4120, 0x00000001244d44f8]
Event: 186.737 Thread 0x00007ff55d871800 4435       4       com.sun.javafx.sg.prism.NGNode::computePadding (2 bytes)
Event: 186.739 Thread 0x00007ff55d871800 nmethod 4435 0x00000001244d4810 code [0x00000001244d49a0, 0x00000001244d49f8]
Event: 187.094 Thread 0x00007ff55f00f000 4436       3       javafx.util.Duration::greaterThan (18 bytes)
Event: 187.095 Thread 0x00007ff55f00f000 nmethod 4436 0x000000011d666290 code [0x000000011d666440, 0x000000011d6665d0]
Event: 187.558 Thread 0x00007ff55f00f000 4437       1       com.mgcheckers.Piece::getType (5 bytes)
Event: 187.559 Thread 0x00007ff55f00f000 nmethod 4437 0x00000001244d4b10 code [0x00000001244d4cc0, 0x00000001244d4d70]

GC Heap History (6 events):
Event: 0.910 GC heap before
{Heap before GC invocations=0 (full 0):
 garbage-first heap   total 262144K, used 23552K [0x0000000700000000, 0x0000000800000000)
  region size 1024K, 24 young (24576K), 0 survivors (0K)
 Metaspace       used 13045K, capacity 13344K, committed 13696K, reserved 1060864K
  class space    used 1494K, capacity 1625K, committed 1664K, reserved 1048576K
}
Event: 0.918 GC heap after
{Heap after GC invocations=1 (full 0):
 garbage-first heap   total 262144K, used 3056K [0x0000000700000000, 0x0000000800000000)
  region size 1024K, 3 young (3072K), 3 survivors (3072K)
 Metaspace       used 13045K, capacity 13344K, committed 13696K, reserved 1060864K
  class space    used 1494K, capacity 1625K, committed 1664K, reserved 1048576K
}
Event: 1.814 GC heap before
{Heap before GC invocations=1 (full 0):
 garbage-first heap   total 262144K, used 34800K [0x0000000700000000, 0x0000000800000000)
  region size 1024K, 33 young (33792K), 3 survivors (3072K)
 Metaspace       used 20434K, capacity 21053K, committed 21248K, reserved 1067008K
  class space    used 2683K, capacity 2973K, committed 3072K, reserved 1048576K
}
Event: 1.830 GC heap after
{Heap after GC invocations=2 (full 0):
 garbage-first heap   total 262144K, used 9009K [0x0000000700000000, 0x0000000800000000)
  region size 1024K, 7 young (7168K), 7 survivors (7168K)
 Metaspace       used 20434K, capacity 21053K, committed 21248K, reserved 1067008K
  class space    used 2683K, capacity 2973K, committed 3072K, reserved 1048576K
}
Event: 82.930 GC heap before
{Heap before GC invocations=3 (full 0):
 garbage-first heap   total 262144K, used 54065K [0x0000000700000000, 0x0000000800000000)
  region size 1024K, 51 young (52224K), 7 survivors (7168K)
 Metaspace       used 31179K, capacity 32041K, committed 32384K, reserved 1077248K
  class space    used 3746K, capacity 4102K, committed 4224K, reserved 1048576K
}
Event: 82.987 GC heap after
{Heap after GC invocations=4 (full 0):
 garbage-first heap   total 262144K, used 13265K [0x0000000700000000, 0x0000000800000000)
  region size 1024K, 5 young (5120K), 5 survivors (5120K)
 Metaspace       used 31179K, capacity 32041K, committed 32384K, reserved 1077248K
  class space    used 3746K, capacity 4102K, committed 4224K, reserved 1048576K
}

Deoptimization events (20 events):
Event: 88.981 Thread 0x00007ff55f3f7000 Uncommon trap: trap_request=0xffffff4d fr.pc=0x00000001244c54b4 relative=0x00000000000006b4
Event: 88.981 Thread 0x00007ff55f3f7000 Uncommon trap: reason=unstable_if action=reinterpret pc=0x00000001244c54b4 method=com.sun.javafx.tk.quantum.GlassViewEventHandler$MouseEventNotification.run()Ljava/lang/Void; @ 95 c2
Event: 88.981 Thread 0x00007ff55f3f7000 DEOPT PACKING pc=0x00000001244c54b4 sp=0x000000030ca2e100
Event: 88.981 Thread 0x00007ff55f3f7000 DEOPT UNPACKING pc=0x000000011c811e9f sp=0x000000030ca2e098 mode 2
Event: 88.982 Thread 0x00007ff55f3f7000 Uncommon trap: trap_request=0xffffff4d fr.pc=0x00000001244a75a0 relative=0x0000000000002f60
Event: 88.982 Thread 0x00007ff55f3f7000 Uncommon trap: reason=unstable_if action=reinterpret pc=0x00000001244a75a0 method=javafx.scene.Scene$MouseHandler.process(Ljavafx/scene/input/MouseEvent;Z)V @ 174 c2
Event: 88.982 Thread 0x00007ff55f3f7000 DEOPT PACKING pc=0x00000001244a75a0 sp=0x000000030ca2dd90
Event: 88.982 Thread 0x00007ff55f3f7000 DEOPT UNPACKING pc=0x000000011c811e9f sp=0x000000030ca2ddd0 mode 2
Event: 88.984 Thread 0x00007ff55f3f7000 Uncommon trap: trap_request=0xffffff4d fr.pc=0x00000001244b5214 relative=0x0000000000001f74
Event: 88.984 Thread 0x00007ff55f3f7000 Uncommon trap: reason=unstable_if action=reinterpret pc=0x00000001244b5214 method=javafx.scene.Scene$MouseHandler.handleEnterExit(Ljavafx/scene/input/MouseEvent;Ljavafx/scene/Scene$TargetWrapper;)V @ 28 c2
Event: 88.984 Thread 0x00007ff55f3f7000 DEOPT PACKING pc=0x00000001244b5214 sp=0x000000030ca2dd40
Event: 88.984 Thread 0x00007ff55f3f7000 DEOPT UNPACKING pc=0x000000011c811e9f sp=0x000000030ca2dd28 mode 2
Event: 88.985 Thread 0x00007ff55f3f7000 Uncommon trap: trap_request=0xffffff4d fr.pc=0x00000001244a3e7c relative=0x000000000000021c
Event: 88.985 Thread 0x00007ff55f3f7000 Uncommon trap: reason=unstable_if action=reinterpret pc=0x00000001244a3e7c method=javafx.scene.Scene$TargetWrapper.getCursor()Ljavafx/scene/Cursor; @ 6 c2
Event: 88.985 Thread 0x00007ff55f3f7000 DEOPT PACKING pc=0x00000001244a3e7c sp=0x000000030ca2ddb0
Event: 88.985 Thread 0x00007ff55f3f7000 DEOPT UNPACKING pc=0x000000011c811e9f sp=0x000000030ca2dd58 mode 2
Event: 89.149 Thread 0x00007ff55f3f7000 Uncommon trap: trap_request=0xffffff4d fr.pc=0x000000012447148c relative=0x000000000000106c
Event: 89.149 Thread 0x00007ff55f3f7000 Uncommon trap: reason=unstable_if action=reinterpret pc=0x000000012447148c method=com.sun.glass.ui.TouchInputSupport.notifyBeginTouchEvent(Lcom/sun/glass/ui/View;IZI)V @ 12 c2
Event: 89.149 Thread 0x00007ff55f3f7000 DEOPT PACKING pc=0x000000012447148c sp=0x000000030ca24e50
Event: 89.149 Thread 0x00007ff55f3f7000 DEOPT UNPACKING pc=0x000000011c811e9f sp=0x000000030ca24dd8 mode 2

Classes redefined (0 events):
No events

Internal exceptions (20 events):
Event: 3.522 Thread 0x00007ff55f3f7000 Exception <a 'java/lang/NoSuchMethodError'{0x000000070fd3d560}: 'java.lang.Object java.lang.invoke.DirectMethodHandle$Holder.invokeStatic(java.lang.Object, java.lang.Object, java.lang.Object, int, int, int, int, int)'> (0x000000070fd3d560) thrown at [./src/hotspot/share/interpreter/linkResolver.cpp, line 773]
Event: 3.522 Thread 0x00007ff55f3f7000 Exception <a 'java/lang/NoSuchMethodError'{0x000000070fd43f40}: 'java.lang.Object java.lang.invoke.Invokers$Holder.linkToTargetMethod(java.lang.Object, java.lang.Object, int, int, int, int, int, java.lang.Object)'> (0x000000070fd43f40) thrown at [./src/hotspot/share/interpreter/linkResolver.cpp, line 773]
Event: 3.524 Thread 0x00007ff55f3f7000 Exception <a 'java/lang/NoSuchMethodError'{0x000000070fd5e668}: 'long java.lang.invoke.DirectMethodHandle$Holder.invokeStaticInit(java.lang.Object, java.lang.Object, java.lang.Object)'> (0x000000070fd5e668) thrown at [./src/hotspot/share/interpreter/linkResolver.cpp, line 773]
Event: 3.528 Thread 0x00007ff55f3f7000 Exception <a 'java/lang/NoSuchMethodError'{0x000000070fd76cb0}: 'java.lang.Object java.lang.invoke.DirectMethodHandle$Holder.invokeStatic(java.lang.Object, java.lang.Object, long)'> (0x000000070fd76cb0) thrown at [./src/hotspot/share/interpreter/linkResolver.cpp, line 773]
Event: 3.529 Thread 0x00007ff55f3f7000 Exception <a 'java/lang/NoSuchMethodError'{0x000000070fd7ce28}: 'java.lang.Object java.lang.invoke.Invokers$Holder.linkToTargetMethod(java.lang.Object, long, java.lang.Object)'> (0x000000070fd7ce28) thrown at [./src/hotspot/share/interpreter/linkResolver.cpp, line 773]
Event: 13.115 Thread 0x00007ff55f3f7000 Exception <a 'sun/nio/fs/UnixException'{0x000000070fb90028}> (0x000000070fb90028) thrown at [./src/hotspot/share/prims/jni.cpp, line 615]
Event: 13.140 Thread 0x00007ff55f3f7000 Exception <a 'java/lang/NoSuchMethodError'{0x000000070fbeec40}: 'int java.lang.invoke.DirectMethodHandle$Holder.invokeSpecialIFC(java.lang.Object, java.lang.Object, int)'> (0x000000070fbeec40) thrown at [./src/hotspot/share/interpreter/linkResolver.cpp, line 773]
Event: 13.154 Thread 0x00007ff55f3f7000 Exception <a 'sun/nio/fs/UnixException'{0x000000070faa36d8}> (0x000000070faa36d8) thrown at [./src/hotspot/share/prims/jni.cpp, line 615]
Event: 13.156 Thread 0x00007ff55f3f7000 Exception <a 'sun/nio/fs/UnixException'{0x000000070faab670}> (0x000000070faab670) thrown at [./src/hotspot/share/prims/jni.cpp, line 615]
Event: 13.169 Thread 0x00007ff55f3f7000 Exception <a 'sun/nio/fs/UnixException'{0x000000070f909778}> (0x000000070f909778) thrown at [./src/hotspot/share/prims/jni.cpp, line 615]
Event: 13.170 Thread 0x00007ff55f3f7000 Exception <a 'sun/nio/fs/UnixException'{0x000000070f90f648}> (0x000000070f90f648) thrown at [./src/hotspot/share/prims/jni.cpp, line 615]
Event: 13.179 Thread 0x00007ff55f3f7000 Exception <a 'java/lang/NoSuchMethodError'{0x000000070f924190}: 'java.lang.Object java.lang.invoke.DirectMethodHandle$Holder.invokeVirtual(java.lang.Object, java.lang.Object, java.lang.Object)'> (0x000000070f924190) thrown at [./src/hotspot/share/interpreter/linkResolver.cpp, line 773]
Event: 13.240 Thread 0x00007ff55f3f7000 Exception <a 'java/lang/ClassNotFoundException'{0x000000070f639028}: jdk/net/ExtendedSocketOptions> (0x000000070f639028) thrown at [./src/hotspot/share/classfile/systemDictionary.cpp, line 231]
Event: 13.327 Thread 0x00007ff55f3f7000 Exception <a 'sun/nio/fs/UnixException'{0x000000070f375118}> (0x000000070f375118) thrown at [./src/hotspot/share/prims/jni.cpp, line 615]
Event: 13.384 Thread 0x00007ff55f3f7000 Exception <a 'sun/nio/fs/UnixException'{0x000000070f2bfb80}> (0x000000070f2bfb80) thrown at [./src/hotspot/share/prims/jni.cpp, line 615]
Event: 13.389 Thread 0x00007ff55f3f7000 Exception <a 'java/lang/NoSuchMethodError'{0x000000070f2c9568}: 'int java.lang.invoke.DirectMethodHandle$Holder.invokeStaticInit(java.lang.Object, java.lang.Object, java.lang.Object, java.lang.Object)'> (0x000000070f2c9568) thrown at [./src/hotspot/share/interpreter/linkResolver.cpp, line 773]
Event: 13.390 Thread 0x00007ff55f3f7000 Exception <a 'java/lang/IncompatibleClassChangeError'{0x000000070f2d22d0}: Found class java.lang.Object, but interface was expected> (0x000000070f2d22d0) thrown at [./src/hotspot/share/interpreter/linkResolver.cpp, line 839]
Event: 13.738 Thread 0x00007ff52d810800 Implicit null exception at 0x00000001243b3728 to 0x00000001243b59c9
Event: 13.742 Thread 0x00007ff52d810800 Implicit null exception at 0x00000001243a6e0a to 0x00000001243a7252
Event: 88.985 Thread 0x00007ff55f3f7000 Implicit null exception at 0x00000001244a3c93 to 0x00000001244a3e70

Events (20 events):
Event: 181.996 Protecting memory [0x000000030d457000,0x000000030d45b000] with protection modes 3
Event: 181.996 Thread 0x00007ff51e809800 Thread exited: 0x00007ff51e809800
Event: 182.501 Protecting memory [0x000000030d457000,0x000000030d45b000] with protection modes 0
Event: 182.501 Thread 0x00007ff55ddff000 Thread added: 0x00007ff55ddff000
Event: 184.334 Protecting memory [0x000000030d457000,0x000000030d45b000] with protection modes 3
Event: 184.334 Thread 0x00007ff55ddff000 Thread exited: 0x00007ff55ddff000
Event: 184.608 Protecting memory [0x000000030d457000,0x000000030d45b000] with protection modes 0
Event: 184.608 Thread 0x00007ff51e809800 Thread added: 0x00007ff51e809800
Event: 185.675 Protecting memory [0x000000030d457000,0x000000030d45b000] with protection modes 3
Event: 185.675 Thread 0x00007ff51e809800 Thread exited: 0x00007ff51e809800
Event: 186.301 Protecting memory [0x000000030d457000,0x000000030d45b000] with protection modes 0
Event: 186.301 Thread 0x00007ff55ddff000 Thread added: 0x00007ff55ddff000
Event: 187.018 Protecting memory [0x000000030d457000,0x000000030d45b000] with protection modes 3
Event: 187.018 Thread 0x00007ff55ddff000 Thread exited: 0x00007ff55ddff000
Event: 187.120 Protecting memory [0x000000030d457000,0x000000030d45b000] with protection modes 0
Event: 187.120 Thread 0x00007ff51e809800 Thread added: 0x00007ff51e809800
Event: 187.854 Protecting memory [0x000000030d457000,0x000000030d45b000] with protection modes 3
Event: 187.854 Thread 0x00007ff51e809800 Thread exited: 0x00007ff51e809800
Event: 189.346 Protecting memory [0x000000030d457000,0x000000030d45b000] with protection modes 0
Event: 189.346 Thread 0x00007ff51f00b000 Thread added: 0x00007ff51f00b000


Dynamic libraries:
0x000000010c974000 	/Library/Java/JavaVirtualMachines/microsoft-11.jdk/Contents/Home/lib/jli/libjli.dylib
0x00007ff820f78000 	/System/Library/Frameworks/Cocoa.framework/Versions/A/Cocoa
0x00007ff80c653000 	/System/Library/Frameworks/AppKit.framework/Versions/C/AppKit
0x00007ff80fbc8000 	/System/Library/Frameworks/CoreData.framework/Versions/A/CoreData
0x00007ff80aa56000 	/System/Library/Frameworks/Foundation.framework/Versions/C/Foundation
0x00007ff814e4b000 	/usr/lib/libSystem.B.dylib
0x00007ff80d4e3000 	/System/Library/PrivateFrameworks/UIFoundation.framework/Versions/A/UIFoundation
0x00007ff81ae7a000 	/System/Library/PrivateFrameworks/RemoteViewServices.framework/Versions/A/RemoteViewServices
0x00007ff813117000 	/System/Library/PrivateFrameworks/XCTTargetBootstrap.framework/Versions/A/XCTTargetBootstrap
0x00007ff816d10000 	/System/Library/PrivateFrameworks/InternationalSupport.framework/Versions/A/InternationalSupport
0x00007ff816d9a000 	/System/Library/PrivateFrameworks/UserActivity.framework/Versions/A/UserActivity
0x00007ff8160f4000 	/usr/lib/libspindump.dylib
0x00007ff80d772000 	/System/Library/Frameworks/UniformTypeIdentifiers.framework/Versions/A/UniformTypeIdentifiers
0x00007ff81183b000 	/usr/lib/libapp_launch_measurement.dylib
0x00007ff8105ab000 	/System/Library/PrivateFrameworks/CoreAnalytics.framework/Versions/A/CoreAnalytics
0x00007ff81183e000 	/System/Library/PrivateFrameworks/CoreAutoLayout.framework/Versions/A/CoreAutoLayout
0x00007ff812a6e000 	/System/Library/Frameworks/Metal.framework/Versions/A/Metal
0x00007ff81379d000 	/usr/lib/liblangid.dylib
0x00007ff81311c000 	/System/Library/PrivateFrameworks/CoreSVG.framework/Versions/A/CoreSVG
0x00007ff80eb5e000 	/System/Library/PrivateFrameworks/SkyLight.framework/Versions/A/SkyLight
0x00007ff80eefd000 	/System/Library/Frameworks/CoreGraphics.framework/Versions/A/CoreGraphics
0x00007ff81b53a000 	/System/Library/Frameworks/Accelerate.framework/Versions/A/Accelerate
0x00007ff815b73000 	/System/Library/PrivateFrameworks/IconServices.framework/Versions/A/IconServices
0x00007ff812a53000 	/System/Library/Frameworks/IOSurface.framework/Versions/A/IOSurface
0x00007ff8105d9000 	/usr/lib/libDiagnosticMessagesClient.dylib
0x00007ff814d65000 	/usr/lib/libz.1.dylib
0x00007ff81ec1c000 	/System/Library/Frameworks/ApplicationServices.framework/Versions/A/ApplicationServices
0x00007ff813103000 	/System/Library/PrivateFrameworks/DFRFoundation.framework/Versions/A/DFRFoundation
0x00007ff80bf3b000 	/usr/lib/libicucore.A.dylib
0x00007ff817b06000 	/System/Library/Frameworks/AudioToolbox.framework/Versions/A/AudioToolbox
0x00007ff816d1c000 	/System/Library/PrivateFrameworks/DataDetectorsCore.framework/Versions/A/DataDetectorsCore
0x00007ff912f7d000 	/System/Library/PrivateFrameworks/TextInput.framework/Versions/A/TextInput
0x00007ff80eae1000 	/usr/lib/libMobileGestalt.dylib
0x00007ff812e0f000 	/System/Library/Frameworks/Carbon.framework/Versions/A/Frameworks/HIToolbox.framework/Versions/A/HIToolbox
0x00007ff81123e000 	/System/Library/Frameworks/QuartzCore.framework/Versions/A/QuartzCore
0x00007ff80bbe0000 	/System/Library/Frameworks/Security.framework/Versions/A/Security
0x00007ff81aeb2000 	/System/Library/Frameworks/Carbon.framework/Versions/A/Frameworks/SpeechRecognition.framework/Versions/A/SpeechRecognition
0x00007ff81159b000 	/System/Library/PrivateFrameworks/CoreUI.framework/Versions/A/CoreUI
0x00007ff80b4aa000 	/System/Library/Frameworks/CoreAudio.framework/Versions/A/CoreAudio
0x00007ff8106c8000 	/System/Library/Frameworks/DiskArbitration.framework/Versions/A/DiskArbitration
0x00007ff8164e0000 	/System/Library/PrivateFrameworks/MultitouchSupport.framework/Versions/A/MultitouchSupport
0x00007ff80eae0000 	/usr/lib/libenergytrace.dylib
0x00007ff80c53f000 	/System/Library/Frameworks/IOKit.framework/Versions/A/IOKit
0x00007ff81b2a2000 	/System/Library/Frameworks/CoreServices.framework/Versions/A/CoreServices
0x00007ff8117d5000 	/System/Library/PrivateFrameworks/PerformanceAnalysis.framework/Versions/A/PerformanceAnalysis
0x00007ffa22a59000 	/System/Library/Frameworks/OpenGL.framework/Versions/A/OpenGL
0x00007ff814381000 	/System/Library/PrivateFrameworks/MobileKeyBag.framework/Versions/A/MobileKeyBag
0x00007ff809aea000 	/usr/lib/libobjc.A.dylib
0x00007ff80f627000 	/System/Library/Frameworks/ColorSync.framework/Versions/A/ColorSync
0x00007ff809ca4000 	/System/Library/Frameworks/CoreFoundation.framework/Versions/A/CoreFoundation
0x00007ff813393000 	/System/Library/Frameworks/CoreImage.framework/Versions/A/CoreImage
0x00007ff80b2be000 	/System/Library/Frameworks/CoreText.framework/Versions/A/CoreText
0x00007ff81314c000 	/System/Library/Frameworks/ImageIO.framework/Versions/A/ImageIO
0x00007ff814e51000 	/System/Library/PrivateFrameworks/SoftLinking.framework/Versions/A/SoftLinking
0x00007ff811886000 	/usr/lib/libxml2.2.dylib
0x00007ff809bb0000 	/usr/lib/libc++.1.dylib
0x00007ff8150d2000 	/usr/lib/libcompression.dylib
0x00007ff816c43000 	/System/Library/PrivateFrameworks/TextureIO.framework/Versions/A/TextureIO
0x00007ff8157ec000 	/usr/lib/libate.dylib
0x00007ff814e46000 	/usr/lib/system/libcache.dylib
0x00007ff814e02000 	/usr/lib/system/libcommonCrypto.dylib
0x00007ff814e2b000 	/usr/lib/system/libcompiler_rt.dylib
0x00007ff814e21000 	/usr/lib/system/libcopyfile.dylib
0x00007ff8099e5000 	/usr/lib/system/libcorecrypto.dylib
0x00007ff809aa3000 	/usr/lib/system/libdispatch.dylib
0x00007ff809c63000 	/usr/lib/system/libdyld.dylib
0x00007ff814e3d000 	/usr/lib/system/libkeymgr.dylib
0x00007ff814de0000 	/usr/lib/system/libmacho.dylib
0x00007ff81445b000 	/usr/lib/system/libquarantine.dylib
0x00007ff814e3b000 	/usr/lib/system/libremovefile.dylib
0x00007ff80eb2e000 	/usr/lib/system/libsystem_asl.dylib
0x00007ff80998e000 	/usr/lib/system/libsystem_blocks.dylib
0x00007ff809b27000 	/usr/lib/system/libsystem_c.dylib
0x00007ff814e33000 	/usr/lib/system/libsystem_collections.dylib
0x00007ff81378d000 	/usr/lib/system/libsystem_configuration.dylib
0x00007ff812a36000 	/usr/lib/system/libsystem_containermanager.dylib
0x00007ff814b12000 	/usr/lib/system/libsystem_coreservices.dylib
0x00007ff80c1cf000 	/usr/lib/system/libsystem_darwin.dylib
0x00007ff814e3e000 	/usr/lib/system/libsystem_dnssd.dylib
0x00007ff809b24000 	/usr/lib/system/libsystem_featureflags.dylib
0x00007ff809c79000 	/usr/lib/system/libsystem_info.dylib
0x00007ff814d78000 	/usr/lib/system/libsystem_m.dylib
0x00007ff809a77000 	/usr/lib/system/libsystem_malloc.dylib
0x00007ff80eac9000 	/usr/lib/system/libsystem_networkextension.dylib
0x00007ff80c5f5000 	/usr/lib/system/libsystem_notify.dylib
0x00007ff81b177000 	/usr/lib/system/libsystem_product_info_filter.dylib
0x00007ff813791000 	/usr/lib/system/libsystem_sandbox.dylib
0x00007ff814e38000 	/usr/lib/system/libsystem_secinit.dylib
0x00007ff809c1f000 	/usr/lib/system/libsystem_kernel.dylib
0x00007ff809c6f000 	/usr/lib/system/libsystem_platform.dylib
0x00007ff809c57000 	/usr/lib/system/libsystem_pthread.dylib
0x00007ff8103eb000 	/usr/lib/system/libsystem_symptoms.dylib
0x00007ff8099cc000 	/usr/lib/system/libsystem_trace.dylib
0x00007ff814e0e000 	/usr/lib/system/libunwind.dylib
0x00007ff809990000 	/usr/lib/system/libxpc.dylib
0x00007ff809c09000 	/usr/lib/libc++abi.dylib
0x00007ff814e19000 	/usr/lib/liboah.dylib
0x00007ff8155aa000 	/usr/lib/liblzma.5.dylib
0x00007ff80a768000 	/System/Library/Frameworks/SystemConfiguration.framework/Versions/A/SystemConfiguration
0x00007ff814e4d000 	/usr/lib/libfakelink.dylib
0x00007ff80e639000 	/System/Library/Frameworks/CFNetwork.framework/Versions/A/CFNetwork
0x00007ff814f8e000 	/usr/lib/libarchive.2.dylib
0x00007ff813799000 	/System/Library/PrivateFrameworks/AppleSystemInfo.framework/Versions/A/AppleSystemInfo
0x00007ff814482000 	/usr/lib/libbsm.0.dylib
0x00007ff80dc48000 	/usr/lib/libnetwork.dylib
0x00007ff814de6000 	/usr/lib/system/libkxld.dylib
0x00007ff8140b5000 	/System/Library/PrivateFrameworks/IOMobileFramebuffer.framework/Versions/A/IOMobileFramebuffer
0x00007ffb22413000 	/usr/lib/libCoreEntitlements.dylib
0x00007ff814af4000 	/System/Library/PrivateFrameworks/AppleFSCompression.framework/Versions/A/AppleFSCompression
0x00007ff81446a000 	/usr/lib/libcoretls.dylib
0x00007ff8155c4000 	/usr/lib/libcoretls_cfhelpers.dylib
0x00007ff8150cd000 	/usr/lib/libpam.2.dylib
0x00007ff81000d000 	/usr/lib/libsqlite3.dylib
0x00007ff815633000 	/usr/lib/libxar.1.dylib
0x00007ff814b04000 	/usr/lib/libbz2.1.0.dylib
0x00007ff814e52000 	/usr/lib/libpcap.A.dylib
0x00007ff8103e3000 	/usr/lib/libdns_services.dylib
0x00007ff8150a0000 	/usr/lib/libapple_nghttp2.dylib
0x00007ff814e8c000 	/usr/lib/libiconv.2.dylib
0x00007ff814ddf000 	/usr/lib/libcharset.1.dylib
0x00007ff811809000 	/System/Library/Frameworks/CoreServices.framework/Versions/A/Frameworks/FSEvents.framework/Versions/A/FSEvents
0x00007ff80c1d9000 	/System/Library/Frameworks/CoreServices.framework/Versions/A/Frameworks/CarbonCore.framework/Versions/A/CarbonCore
0x00007ff81062c000 	/System/Library/Frameworks/CoreServices.framework/Versions/A/Frameworks/Metadata.framework/Versions/A/Metadata
0x00007ff814b17000 	/System/Library/Frameworks/CoreServices.framework/Versions/A/Frameworks/OSServices.framework/Versions/A/OSServices
0x00007ff815015000 	/System/Library/Frameworks/CoreServices.framework/Versions/A/Frameworks/SearchKit.framework/Versions/A/SearchKit
0x00007ff810375000 	/System/Library/Frameworks/CoreServices.framework/Versions/A/Frameworks/AE.framework/Versions/A/AE
0x00007ff80a1a5000 	/System/Library/Frameworks/CoreServices.framework/Versions/A/Frameworks/LaunchServices.framework/Versions/A/LaunchServices
0x00007ff81555b000 	/System/Library/Frameworks/CoreServices.framework/Versions/A/Frameworks/DictionaryServices.framework/Versions/A/DictionaryServices
0x00007ff811816000 	/System/Library/Frameworks/CoreServices.framework/Versions/A/Frameworks/SharedFileList.framework/Versions/A/SharedFileList
0x00007ff81445e000 	/usr/lib/libCheckFix.dylib
0x00007ff80eb45000 	/System/Library/PrivateFrameworks/TCC.framework/Versions/A/TCC
0x00007ff81379f000 	/System/Library/PrivateFrameworks/CoreNLP.framework/Versions/A/CoreNLP
0x00007ff8105dc000 	/System/Library/PrivateFrameworks/MetadataUtilities.framework/Versions/A/MetadataUtilities
0x00007ff80a819000 	/usr/lib/libmecabra.dylib
0x00007ff814492000 	/usr/lib/libmecab.dylib
0x00007ff80a7e4000 	/usr/lib/libCRFSuite.dylib
0x00007ff8144ec000 	/usr/lib/libgermantok.dylib
0x00007ff81507b000 	/usr/lib/libThaiTokenizer.dylib
0x00007ff8106cf000 	/System/Library/Frameworks/Accelerate.framework/Versions/A/Frameworks/vImage.framework/Versions/A/vImage
0x00007ff81b279000 	/System/Library/Frameworks/Accelerate.framework/Versions/A/Frameworks/vecLib.framework/Versions/A/vecLib
0x00007ff815674000 	/System/Library/Frameworks/Accelerate.framework/Versions/A/Frameworks/vecLib.framework/Versions/A/libvMisc.dylib
0x00007ff813eb4000 	/System/Library/Frameworks/Accelerate.framework/Versions/A/Frameworks/vecLib.framework/Versions/A/libvDSP.dylib
0x00007ff80a520000 	/System/Library/Frameworks/Accelerate.framework/Versions/A/Frameworks/vecLib.framework/Versions/A/libBLAS.dylib
0x00007ff8151b0000 	/System/Library/Frameworks/Accelerate.framework/Versions/A/Frameworks/vecLib.framework/Versions/A/libLAPACK.dylib
0x00007ff8144ef000 	/System/Library/Frameworks/Accelerate.framework/Versions/A/Frameworks/vecLib.framework/Versions/A/libLinearAlgebra.dylib
0x00007ff8150b8000 	/System/Library/Frameworks/Accelerate.framework/Versions/A/Frameworks/vecLib.framework/Versions/A/libSparseBLAS.dylib
0x00007ff8151aa000 	/System/Library/Frameworks/Accelerate.framework/Versions/A/Frameworks/vecLib.framework/Versions/A/libQuadrature.dylib
0x00007ff81388a000 	/System/Library/Frameworks/Accelerate.framework/Versions/A/Frameworks/vecLib.framework/Versions/A/libBNNS.dylib
0x00007ff80a6f2000 	/System/Library/Frameworks/Accelerate.framework/Versions/A/Frameworks/vecLib.framework/Versions/A/libSparse.dylib
0x00007ff813883000 	/System/Library/PrivateFrameworks/LinguisticData.framework/Versions/A/LinguisticData
0x00007ff80a6a8000 	/System/Library/PrivateFrameworks/Lexicon.framework/Versions/A/Lexicon
0x00007ff81566d000 	/usr/lib/libChineseTokenizer.dylib
0x00007ff80ae13000 	/System/Library/PrivateFrameworks/LanguageModeling.framework/Versions/A/LanguageModeling
0x00007ff81507d000 	/System/Library/PrivateFrameworks/AppleSauce.framework/Versions/A/AppleSauce
0x00007ff8140a3000 	/System/Library/PrivateFrameworks/CoreEmoji.framework/Versions/A/CoreEmoji
0x00007ff814f7d000 	/usr/lib/libcmph.dylib
0x00007ff8117ed000 	/System/Library/Frameworks/OpenDirectory.framework/Versions/A/Frameworks/CFOpenDirectory.framework/Versions/A/CFOpenDirectory
0x00007ff8117e1000 	/System/Library/Frameworks/OpenDirectory.framework/Versions/A/OpenDirectory
0x00007ff8155c6000 	/System/Library/PrivateFrameworks/APFS.framework/Versions/A/APFS
0x00007ff8143b9000 	/System/Library/Frameworks/SecurityFoundation.framework/Versions/A/SecurityFoundation
0x00007ff815641000 	/usr/lib/libutil.dylib
0x00007ff80c503000 	/System/Library/PrivateFrameworks/CoreServicesStore.framework/Versions/A/CoreServicesStore
0x00007ff815645000 	/usr/lib/libxslt.1.dylib
0x00007ff814446000 	/System/Library/PrivateFrameworks/BackgroundTaskManagement.framework/Versions/A/BackgroundTaskManagement
0x00007ff816b64000 	/System/Library/Frameworks/ImageIO.framework/Versions/A/Resources/libRadiance.dylib
0x00007ff816b6d000 	/System/Library/Frameworks/ImageIO.framework/Versions/A/Resources/libJPEG.dylib
0x00007ff816abf000 	/System/Library/Frameworks/ImageIO.framework/Versions/A/Resources/libPng.dylib
0x00007ff816ae0000 	/System/Library/Frameworks/ImageIO.framework/Versions/A/Resources/libTIFF.dylib
0x00007ff816bcc000 	/System/Library/Frameworks/ImageIO.framework/Versions/A/Resources/libGIF.dylib
0x00007ff8163fc000 	/System/Library/Frameworks/ImageIO.framework/Versions/A/Resources/libJP2.dylib
0x00007ff815b3a000 	/usr/lib/libexpat.1.dylib
0x00007ff8163b1000 	/System/Library/PrivateFrameworks/AppleJPEG.framework/Versions/A/AppleJPEG
0x00007ff812cd3000 	/System/Library/PrivateFrameworks/FontServices.framework/libFontParser.dylib
0x00007ff81031f000 	/System/Library/PrivateFrameworks/RunningBoardServices.framework/Versions/A/RunningBoardServices
0x00007ff821533000 	/System/Library/PrivateFrameworks/IOSurfaceAccelerator.framework/Versions/A/IOSurfaceAccelerator
0x00007ff8164dc000 	/System/Library/PrivateFrameworks/WatchdogClient.framework/Versions/A/WatchdogClient
0x00007ff80af01000 	/System/Library/Frameworks/CoreDisplay.framework/Versions/A/CoreDisplay
0x00007ff812bd1000 	/System/Library/Frameworks/CoreMedia.framework/Versions/A/CoreMedia
0x00007ff812a65000 	/System/Library/PrivateFrameworks/IOAccelerator.framework/Versions/A/IOAccelerator
0x00007ff81196a000 	/System/Library/Frameworks/CoreVideo.framework/Versions/A/CoreVideo
0x00007ff8150cb000 	/System/Library/Frameworks/MetalPerformanceShaders.framework/Versions/A/MetalPerformanceShaders
0x00007ff816519000 	/System/Library/Frameworks/VideoToolbox.framework/Versions/A/VideoToolbox
0x00007ff810269000 	/System/Library/PrivateFrameworks/BaseBoard.framework/Versions/A/BaseBoard
0x00007ff80fff3000 	/System/Library/PrivateFrameworks/ProtocolBuffer.framework/Versions/A/ProtocolBuffer
0x00007ff816b5d000 	/System/Library/PrivateFrameworks/GPUWrangler.framework/Versions/A/GPUWrangler
0x00007ff816b41000 	/System/Library/PrivateFrameworks/IOPresentment.framework/Versions/A/IOPresentment
0x00007ff816b67000 	/System/Library/PrivateFrameworks/DSExternalDisplay.framework/Versions/A/DSExternalDisplay
0x00007ffa22a4d000 	/System/Library/Frameworks/OpenGL.framework/Versions/A/Libraries/libCoreFSCache.dylib
0x00007ffb0fb14000 	/System/Library/PrivateFrameworks/GPUCompiler.framework/Versions/31001/Libraries/libGPUCompilerUtils.dylib
0x00007ff816bd1000 	/System/Library/PrivateFrameworks/CMCaptureCore.framework/Versions/A/CMCaptureCore
0x00007ff8160e2000 	/System/Library/PrivateFrameworks/AppServerSupport.framework/Versions/A/AppServerSupport
0x00007ff81839f000 	/System/Library/PrivateFrameworks/perfdata.framework/Versions/A/perfdata
0x00007ff80b02d000 	/System/Library/PrivateFrameworks/AudioToolboxCore.framework/Versions/A/AudioToolboxCore
0x00007ff812baf000 	/System/Library/PrivateFrameworks/caulk.framework/Versions/A/caulk
0x00007ff817cb1000 	/usr/lib/libAudioStatistics.dylib
0x00007ff90f70b000 	/System/Library/PrivateFrameworks/SystemPolicy.framework/Versions/A/SystemPolicy
0x00007ff817f0c000 	/usr/lib/libSMC.dylib
0x00007ff820e2b000 	/System/Library/Frameworks/CoreMIDI.framework/Versions/A/CoreMIDI
0x00007ff816a8e000 	/usr/lib/libAudioToolboxUtility.dylib
0x00007ff90b937000 	/System/Library/PrivateFrameworks/OSAServicesClient.framework/Versions/A/OSAServicesClient
0x00007ff8183ac000 	/usr/lib/libperfcheck.dylib
0x00007ff9101b8000 	/usr/lib/libmis.dylib
0x00007ffa22aa8000 	/System/Library/Frameworks/OpenGL.framework/Versions/A/Libraries/libGLU.dylib
0x00007ffa22a6c000 	/System/Library/Frameworks/OpenGL.framework/Versions/A/Libraries/libGFXShared.dylib
0x00007ffa22c75000 	/System/Library/Frameworks/OpenGL.framework/Versions/A/Libraries/libGL.dylib
0x00007ffa22a75000 	/System/Library/Frameworks/OpenGL.framework/Versions/A/Libraries/libGLImage.dylib
0x00007ffa22a69000 	/System/Library/Frameworks/OpenGL.framework/Versions/A/Libraries/libCVMSPluginSupport.dylib
0x00007ffa22a54000 	/System/Library/Frameworks/OpenGL.framework/Versions/A/Libraries/libCoreVMClient.dylib
0x00007ff81371b000 	/System/Library/Frameworks/MetalPerformanceShaders.framework/Versions/A/Frameworks/MPSCore.framework/Versions/A/MPSCore
0x00007ff814a5f000 	/System/Library/Frameworks/MetalPerformanceShaders.framework/Versions/A/Frameworks/MPSImage.framework/Versions/A/MPSImage
0x00007ff814505000 	/System/Library/Frameworks/MetalPerformanceShaders.framework/Versions/A/Frameworks/MPSNeuralNetwork.framework/Versions/A/MPSNeuralNetwork
0x00007ff814979000 	/System/Library/Frameworks/MetalPerformanceShaders.framework/Versions/A/Frameworks/MPSMatrix.framework/Versions/A/MPSMatrix
0x00007ff814734000 	/System/Library/Frameworks/MetalPerformanceShaders.framework/Versions/A/Frameworks/MPSRayIntersector.framework/Versions/A/MPSRayIntersector
0x00007ff8149b1000 	/System/Library/Frameworks/MetalPerformanceShaders.framework/Versions/A/Frameworks/MPSNDArray.framework/Versions/A/MPSNDArray
0x00007ffa2852d000 	/System/Library/Frameworks/MetalPerformanceShaders.framework/Versions/A/Frameworks/MPSFunctions.framework/Versions/A/MPSFunctions
0x00007ff80a3fc000 	/System/Library/PrivateFrameworks/MetalTools.framework/Versions/A/MetalTools
0x00007ff813797000 	/System/Library/PrivateFrameworks/AggregateDictionary.framework/Versions/A/AggregateDictionary
0x00007ff81591c000 	/usr/lib/libIOReport.dylib
0x00007ffa24084000 	/System/Library/Frameworks/OpenCL.framework/Versions/A/OpenCL
0x00007ff815c80000 	/System/Library/PrivateFrameworks/FaceCore.framework/Versions/A/FaceCore
0x00007ff815c71000 	/System/Library/PrivateFrameworks/GraphVisualizer.framework/Versions/A/GraphVisualizer
0x00007ffb0fa1f000 	/System/Library/PrivateFrameworks/FontServices.framework/Versions/A/FontServices
0x00007ff81609a000 	/System/Library/PrivateFrameworks/OTSVG.framework/Versions/A/OTSVG
0x00007ff811551000 	/System/Library/Frameworks/ApplicationServices.framework/Versions/A/Frameworks/ATS.framework/Versions/A/Resources/libFontRegistry.dylib
0x00007ff8160ea000 	/System/Library/PrivateFrameworks/FontServices.framework/libhvf.dylib
0x00007ffb0fa20000 	/System/Library/PrivateFrameworks/FontServices.framework/libXTFontStaticRegistryData.dylib
0x00007ff815aea000 	/System/Library/PrivateFrameworks/AppleVA.framework/Versions/A/AppleVA
0x00007ff817cd1000 	/System/Library/Frameworks/ApplicationServices.framework/Versions/A/Frameworks/ATS.framework/Versions/A/ATS
0x00007ff80f725000 	/System/Library/Frameworks/ApplicationServices.framework/Versions/A/Frameworks/HIServices.framework/Versions/A/HIServices
0x00007ff816bdb000 	/System/Library/Frameworks/ApplicationServices.framework/Versions/A/Frameworks/PrintCore.framework/Versions/A/PrintCore
0x00007ff81805f000 	/System/Library/Frameworks/ApplicationServices.framework/Versions/A/Frameworks/QD.framework/Versions/A/QD
0x00007ff818057000 	/System/Library/Frameworks/ApplicationServices.framework/Versions/A/Frameworks/ColorSyncLegacy.framework/Versions/A/ColorSyncLegacy
0x00007ff817cc1000 	/System/Library/Frameworks/ApplicationServices.framework/Versions/A/Frameworks/SpeechSynthesis.framework/Versions/A/SpeechSynthesis
0x00007ff816b9c000 	/System/Library/Frameworks/ApplicationServices.framework/Versions/A/Frameworks/ATSUI.framework/Versions/A/ATSUI
0x00007ff817fec000 	/usr/lib/libcups.2.dylib
0x00007ff8183bb000 	/System/Library/Frameworks/Kerberos.framework/Versions/A/Kerberos
0x00007ff8183ca000 	/System/Library/Frameworks/GSS.framework/Versions/A/GSS
0x00007ff817d3d000 	/usr/lib/libresolv.9.dylib
0x00007ff8160f9000 	/System/Library/PrivateFrameworks/Heimdal.framework/Versions/A/Heimdal
0x00007ff81efae000 	/System/Library/Frameworks/Kerberos.framework/Versions/A/Libraries/libHeimdalProxy.dylib
0x00007ff8103f3000 	/System/Library/Frameworks/Network.framework/Versions/A/Network
0x00007ff815b54000 	/usr/lib/libheimdal-asn1.dylib
0x00007ff818415000 	/System/Library/PrivateFrameworks/CommonAuth.framework/Versions/A/CommonAuth
0x00007ff817c43000 	/System/Library/PrivateFrameworks/AudioSession.framework/Versions/A/AudioSession
0x00007ff815be4000 	/System/Library/PrivateFrameworks/MediaExperience.framework/Versions/A/MediaExperience
0x00007ff817ad5000 	/System/Library/PrivateFrameworks/AudioSession.framework/libSessionUtility.dylib
0x00007ff81806b000 	/System/Library/PrivateFrameworks/AudioResourceArbitration.framework/Versions/A/AudioResourceArbitration
0x00007ff81c0ec000 	/System/Library/PrivateFrameworks/PowerLog.framework/Versions/A/PowerLog
0x00007ff815b5d000 	/System/Library/PrivateFrameworks/IconFoundation.framework/Versions/A/IconFoundation
0x00007ff81aea2000 	/System/Library/PrivateFrameworks/SpeechRecognitionCore.framework/Versions/A/SpeechRecognitionCore
0x0000000111dd8000 	/Library/Java/JavaVirtualMachines/microsoft-11.jdk/Contents/Home/lib/server/libjvm.dylib
0x000000010ca4a000 	/Library/Java/JavaVirtualMachines/microsoft-11.jdk/Contents/Home/lib/libverify.dylib
0x000000010ca72000 	/Library/Java/JavaVirtualMachines/microsoft-11.jdk/Contents/Home/lib/libjava.dylib
0x000000010c9e0000 	/Library/Java/JavaVirtualMachines/microsoft-11.jdk/Contents/Home/lib/libjimage.dylib
0x000000010cb2e000 	/Library/Java/JavaVirtualMachines/microsoft-11.jdk/Contents/Home/lib/libzip.dylib
0x000000010cf92000 	/Library/Java/JavaVirtualMachines/microsoft-11.jdk/Contents/Home/lib/libnio.dylib
0x0000000111800000 	/Library/Java/JavaVirtualMachines/microsoft-11.jdk/Contents/Home/lib/libnet.dylib
0x0000000111a0b000 	/Users/graysoncraw/.openjfx/cache/13/libprism_es2.dylib
0x00007ff80c4c5000 	/System/Library/PrivateFrameworks/CoreServicesInternal.framework/Versions/A/CoreServicesInternal
0x00007ffa22c80000 	/System/Library/Frameworks/OpenGL.framework/Versions/A/Resources/GLEngine.bundle/GLEngine
0x00007ffa22ae6000 	/System/Library/Frameworks/OpenGL.framework/Versions/A/Libraries/libGLProgrammability.dylib
0x0000000111c21000 	/System/Library/Extensions/AppleMetalOpenGLRenderer.bundle/Contents/MacOS/AppleMetalOpenGLRenderer
0x00007ffa22e0a000 	/System/Library/Frameworks/OpenGL.framework/Versions/A/Resources/GLRendererFloat.bundle/GLRendererFloat
0x00007ffa19650000 	/System/Library/Extensions/AGXMetalG13X.bundle/Contents/MacOS/AGXMetalG13X
0x00007ff9101d3000 	/System/Library/PrivateFrameworks/GPURawCounter.framework/Versions/A/GPURawCounter
0x00007ff90aadf000 	/System/Library/PrivateFrameworks/IOGPU.framework/Versions/A/IOGPU
0x00000001396e3000 	/Users/graysoncraw/.openjfx/cache/13/libglass.dylib
0x00007ff81c6dd000 	/System/Library/Frameworks/FileProvider.framework/Versions/A/FileProvider
0x00007ff8101d6000 	/System/Library/Frameworks/Accounts.framework/Versions/A/Accounts
0x00007ff81c856000 	/System/Library/PrivateFrameworks/GenerationalStorage.framework/Versions/A/GenerationalStorage
0x00007ff81d366000 	/System/Library/PrivateFrameworks/CoreSymbolication.framework/Versions/A/CoreSymbolication
0x00007ff81c0e1000 	/System/Library/PrivateFrameworks/SymptomDiagnosticReporter.framework/Versions/A/SymptomDiagnosticReporter
0x00007ff80d786000 	/System/Library/PrivateFrameworks/DesktopServicesPriv.framework/Versions/A/DesktopServicesPriv
0x00007ff80c604000 	/usr/lib/libsandbox.1.dylib
0x00007ff8119e9000 	/System/Library/PrivateFrameworks/UserManagement.framework/Versions/A/UserManagement
0x00007ff81d32b000 	/System/Library/PrivateFrameworks/DebugSymbols.framework/Versions/A/DebugSymbols
0x00007ff81804c000 	/System/Library/PrivateFrameworks/NetAuth.framework/Versions/A/NetAuth
0x00007ff818f5b000 	/System/Library/PrivateFrameworks/Sharing.framework/Versions/A/Sharing
0x00007ff8119bc000 	/System/Library/PrivateFrameworks/login.framework/Versions/A/Frameworks/loginsupport.framework/Versions/A/loginsupport
0x00007ff81e4c9000 	/System/Library/PrivateFrameworks/Apple80211.framework/Versions/A/Apple80211
0x00007ff814b44000 	/System/Library/PrivateFrameworks/AuthKit.framework/Versions/A/AuthKit
0x00007ff814199000 	/System/Library/PrivateFrameworks/CoreUtils.framework/Versions/A/CoreUtils
0x00007ff8140c0000 	/System/Library/Frameworks/CoreWLAN.framework/Versions/A/CoreWLAN
0x00007ff8190ba000 	/System/Library/Frameworks/IOBluetooth.framework/Versions/A/IOBluetooth
0x00007ff81e531000 	/System/Library/PrivateFrameworks/CoreWiFi.framework/Versions/A/CoreWiFi
0x00007ff81cf00000 	/System/Library/PrivateFrameworks/FrontBoardServices.framework/Versions/A/FrontBoardServices
0x00007ff81cf91000 	/System/Library/PrivateFrameworks/BoardServices.framework/Versions/A/BoardServices
0x00007ff8143a8000 	/System/Library/PrivateFrameworks/AssertionServices.framework/Versions/A/AssertionServices
0x00007ff81e6b4000 	/System/Library/PrivateFrameworks/BackBoardServices.framework/Versions/A/BackBoardServices
0x00007ff8184a6000 	/System/Library/PrivateFrameworks/CorePhoneNumbers.framework/Versions/A/CorePhoneNumbers
0x00007ff817d6a000 	/System/Library/PrivateFrameworks/MultiverseSupport.framework/Versions/A/MultiverseSupport
0x00007ff81e927000 	/System/Library/PrivateFrameworks/RemoteServiceDiscovery.framework/Versions/A/RemoteServiceDiscovery
0x00007ff81c1fe000 	/System/Library/PrivateFrameworks/DiskManagement.framework/Versions/A/DiskManagement
0x00007ff81c112000 	/System/Library/PrivateFrameworks/AppleIDAuthSupport.framework/Versions/A/AppleIDAuthSupport
0x00007ffb0a39a000 	/System/Library/PrivateFrameworks/AAAFoundation.framework/Versions/A/AAAFoundation
0x00007ff818487000 	/System/Library/PrivateFrameworks/KeychainCircle.framework/Versions/A/KeychainCircle
0x00007ff81e937000 	/System/Library/PrivateFrameworks/RemoteXPC.framework/Versions/A/RemoteXPC
0x00007ff81c1ca000 	/System/Library/PrivateFrameworks/MediaKit.framework/Versions/A/MediaKit
0x00007ff81c11e000 	/System/Library/Frameworks/DiscRecording.framework/Versions/A/DiscRecording
0x00007ff815a62000 	/usr/lib/libCoreStorage.dylib
0x00007ff81e9a2000 	/usr/lib/libcsfde.dylib
0x00007ff819187000 	/System/Library/PrivateFrameworks/ProtectedCloudStorage.framework/Versions/A/ProtectedCloudStorage
0x00007ff81e99e000 	/System/Library/PrivateFrameworks/EFILogin.framework/Versions/A/EFILogin
0x00007ff81c87c000 	/System/Library/PrivateFrameworks/OctagonTrust.framework/Versions/A/OctagonTrust
0x00007ffb0ec82000 	/System/Library/PrivateFrameworks/CoreUtilsExtras.framework/Versions/A/CoreUtilsExtras
0x00007ff81c045000 	/System/Library/Frameworks/CoreBluetooth.framework/Versions/A/CoreBluetooth
0x00007ff81f033000 	/System/Library/Frameworks/AudioUnit.framework/Versions/A/AudioUnit
0x00007ff815a5a000 	/usr/lib/libMatch.1.dylib
0x00007ff9147dc000 	/System/Library/Frameworks/Accelerate.framework/Versions/A/Frameworks/vImage.framework/Versions/A/Libraries/libCGInterfaces.dylib
0x000000013b16a000 	/usr/lib/libobjc-trampolines.dylib
0x00007ff8116e1000 	/System/Library/PrivateFrameworks/ViewBridge.framework/Versions/A/ViewBridge
0x00007ffb22502000 	/usr/lib/libRosetta.dylib
0x000000013cb32000 	/Users/graysoncraw/.openjfx/cache/13/libjavafx_font.dylib
0x00007ff8161b0000 	/System/Library/PrivateFrameworks/login.framework/Versions/A/login
0x00007ff81b5be000 	/System/Library/PrivateFrameworks/SystemAdministration.framework/Versions/A/SystemAdministration
0x00007ff816e05000 	/System/Library/Frameworks/MediaToolbox.framework/Versions/A/MediaToolbox
0x00007ff81ae6e000 	/System/Library/Frameworks/DirectoryService.framework/Versions/A/DirectoryService
0x00007ff81e840000 	/System/Library/PrivateFrameworks/DiskImages.framework/Versions/A/DiskImages
0x00007ff814450000 	/System/Library/Frameworks/ServiceManagement.framework/Versions/A/ServiceManagement
0x00007ff81ea1c000 	/System/Library/PrivateFrameworks/LoginUIKit.framework/Versions/A/Frameworks/LoginUICore.framework/Versions/A/LoginUICore
0x00007ff816359000 	/usr/lib/libodfde.dylib
0x00007ff81c6ad000 	/System/Library/PrivateFrameworks/CoreAVCHD.framework/Versions/A/CoreAVCHD
0x00007ff81b582000 	/System/Library/Frameworks/MediaAccessibility.framework/Versions/A/MediaAccessibility
0x00007ff81c6a9000 	/System/Library/PrivateFrameworks/Mangrove.framework/Versions/A/Mangrove
0x00007ff81b58d000 	/System/Library/PrivateFrameworks/AlgosScoreFramework.framework/Versions/A/AlgosScoreFramework
0x00007ffb0bf76000 	/System/Library/PrivateFrameworks/CMPhoto.framework/Versions/A/CMPhoto
0x00007ff81d201000 	/System/Library/PrivateFrameworks/AppleVPA.framework/Versions/A/AppleVPA
0x00007ff81c2ee000 	/System/Library/PrivateFrameworks/CoreAUC.framework/Versions/A/CoreAUC
0x00007ff81e9ae000 	/usr/lib/libcurl.4.dylib
0x00007ffb2296e000 	/usr/lib/libcrypto.46.dylib
0x00007ffb22e63000 	/usr/lib/libssl.48.dylib
0x00007ff81e6d2000 	/System/Library/Frameworks/LDAP.framework/Versions/A/LDAP
0x00007ff81e70a000 	/System/Library/PrivateFrameworks/TrustEvaluationAgent.framework/Versions/A/TrustEvaluationAgent
0x00007ff817d56000 	/usr/lib/libsasl2.2.dylib
0x00007ff81b5b2000 	/System/Library/PrivateFrameworks/CoreDaemon.framework/Versions/B/CoreDaemon
0x00007ff81b5ad000 	/System/Library/PrivateFrameworks/AppleSRP.framework/Versions/A/AppleSRP
0x000000013e469000 	/Library/Java/JavaVirtualMachines/microsoft-11.jdk/Contents/Home/lib/libsunec.dylib


VM Arguments:
jvm_args: --module-path=/Users/graysoncraw/Documents/checkers/mgcheckers/target/classes:/Users/graysoncraw/.m2/repository/org/openjfx/javafx-controls/13/javafx-controls-13-mac.jar:/Users/graysoncraw/.m2/repository/org/openjfx/javafx-graphics/13/javafx-graphics-13-mac.jar:/Users/graysoncraw/.m2/repository/org/openjfx/javafx-base/13/javafx-base-13-mac.jar:/Users/graysoncraw/.m2/repository/org/openjfx/javafx-fxml/13/javafx-fxml-13-mac.jar -Djdk.module.main=com.mgcheckers 
java_command: com.mgcheckers/com.mgcheckers.App
java_class_path (initial): /Users/graysoncraw/.m2/repository/com/mysql/mysql-connector-j/8.0.31/mysql-connector-j-8.0.31.jar:/Users/graysoncraw/.m2/repository/com/google/protobuf/protobuf-java/3.19.4/protobuf-java-3.19.4.jar:/Users/graysoncraw/.m2/repository/org/openjfx/javafx-controls/13/javafx-controls-13.jar:/Users/graysoncraw/.m2/repository/org/openjfx/javafx-graphics/13/javafx-graphics-13.jar:/Users/graysoncraw/.m2/repository/org/openjfx/javafx-base/13/javafx-base-13.jar:/Users/graysoncraw/.m2/repository/org/openjfx/javafx-fxml/13/javafx-fxml-13.jar
Launcher Type: SUN_STANDARD

[Global flags]
     intx CICompilerCount                          = 4                                         {product} {ergonomic}
     uint ConcGCThreads                            = 2                                         {product} {ergonomic}
     uint G1ConcRefinementThreads                  = 8                                         {product} {ergonomic}
   size_t G1HeapRegionSize                         = 1048576                                   {product} {ergonomic}
    uintx GCDrainStackTargetSize                   = 64                                        {product} {ergonomic}
   size_t InitialHeapSize                          = 268435456                                 {product} {ergonomic}
   size_t MarkStackSize                            = 4194304                                   {product} {ergonomic}
   size_t MaxHeapSize                              = 4294967296                                {product} {ergonomic}
   size_t MaxNewSize                               = 2576351232                                {product} {ergonomic}
   size_t MinHeapDeltaBytes                        = 1048576                                   {product} {ergonomic}
    uintx NonNMethodCodeHeapSize                   = 5836300                                {pd product} {ergonomic}
    uintx NonProfiledCodeHeapSize                  = 122910970                              {pd product} {ergonomic}
    uintx ProfiledCodeHeapSize                     = 122910970                              {pd product} {ergonomic}
    uintx ReservedCodeCacheSize                    = 251658240                              {pd product} {ergonomic}
     bool SegmentedCodeCache                       = true                                      {product} {ergonomic}
     bool UseCompressedClassPointers               = true                                 {lp64_product} {ergonomic}
     bool UseCompressedOops                        = true                                 {lp64_product} {ergonomic}
     bool UseG1GC                                  = true                                      {product} {ergonomic}

Logging:
Log output configuration:
 #0: stdout all=warning uptime,level,tags
 #1: stderr all=off uptime,level,tags

Environment Variables:
PATH=/usr/local/bin:/usr/bin:/bin:/usr/sbin:/sbin:/usr/local/share/dotnet:~/.dotnet/tools:/Library/Apple/usr/bin:/Library/Frameworks/Mono.framework/Versions/Current/Commands
SHELL=/bin/zsh
LANG=en_US.UTF-8

Signal Handlers:
SIGSEGV: [libjvm.dylib+0x7d523e], sa_mask[0]=11111111111111111111111111111111, sa_flags=SA_ONSTACK|SA_RESTART|SA_SIGINFO
SIGBUS: [libjvm.dylib+0x7d523e], sa_mask[0]=11111111111111111111111111111111, sa_flags=SA_RESTART|SA_SIGINFO
SIGFPE: [libjvm.dylib+0x7d523e], sa_mask[0]=11111111111111111111111111111111, sa_flags=SA_RESTART|SA_SIGINFO
SIGPIPE: [libjvm.dylib+0x6372b8], sa_mask[0]=11111111111111111111111111111111, sa_flags=SA_RESTART|SA_SIGINFO
SIGXFSZ: [libjvm.dylib+0x6372b8], sa_mask[0]=11111111111111111111111111111111, sa_flags=SA_RESTART|SA_SIGINFO
SIGILL: [libjvm.dylib+0x7d523e], sa_mask[0]=11111111111111111111111111111111, sa_flags=SA_RESTART|SA_SIGINFO
SIGUSR2: [libjvm.dylib+0x63789d], sa_mask[0]=00000000000000000000000000000000, sa_flags=SA_RESTART|SA_SIGINFO
SIGHUP: [libjvm.dylib+0x636427], sa_mask[0]=11111111111111111111111111111111, sa_flags=SA_RESTART|SA_SIGINFO
SIGINT: [libjvm.dylib+0x636427], sa_mask[0]=11111111111111111111111111111111, sa_flags=SA_RESTART|SA_SIGINFO
SIGTERM: [libjvm.dylib+0x636427], sa_mask[0]=11111111111111111111111111111111, sa_flags=SA_RESTART|SA_SIGINFO
SIGQUIT: [libjvm.dylib+0x636427], sa_mask[0]=11111111111111111111111111111111, sa_flags=SA_RESTART|SA_SIGINFO


---------------  S Y S T E M  ---------------

OS:uname:Darwin 21.6.0 Darwin Kernel Version 21.6.0: Sat Jun 18 17:07:22 PDT 2022; root:xnu-8020.140.41~1/RELEASE_ARM64_T6000 x86_64
OS uptime: 5 days 21:21 hours
rlimit (soft/hard): STACK 8176k/65520k , CORE 0k/infinity , NPROC 2666/4000 , NOFILE 10240/infinity , AS infinity/infinity , CPU infinity/infinity , DATA infinity/infinity , FSIZE infinity/infinity , MEMLOCK infinity/infinity , RSS infinity/infinity
load average:1.92 2.61 3.53

CPU:total 8 (initial active 8) (1 cores per cpu, 1 threads per core) family 6 model 44 stepping 0 microcode 0x0, cmov, cx8, fxsr, mmx, sse, sse2, sse3, ssse3, sse4.1, sse4.2, popcnt, aes, clmul, tsc, tscinvbit, tscinv

Memory: 4k page, physical 16777216k(15440k free), swap 2097152k(462848k free)

vm_info: OpenJDK 64-Bit Server VM (11.0.12+7) for bsd-amd64 JRE (11.0.12+7), built on Jul 21 2021 15:42:47 by "runner" with clang 4.2.1 Compatible Apple LLVM 9.1.0 (clang-902.0.39.2)

END.
